Analysis & Synthesis report for gfops
Tue Jun  4 22:18:44 2019
Quartus Prime Version 18.1.0 Build 625 09/12/2018 SJ Lite Edition


---------------------
; Table of Contents ;
---------------------
  1. Legal Notice
  2. Analysis & Synthesis Summary
  3. Analysis & Synthesis Settings
  4. Parallel Compilation
  5. Analysis & Synthesis Source Files Read
  6. Analysis & Synthesis Resource Usage Summary
  7. Analysis & Synthesis Resource Utilization by Entity
  8. General Register Statistics
  9. Inverted Register Statistics
 10. Parameter Settings for User Entity Instance: Top-level Entity: |gfops
 11. Parameter Settings for User Entity Instance: gfmul:gfmul_1
 12. Parameter Settings for User Entity Instance: gfadd:gfadd_1
 13. Post-Synthesis Netlist Statistics for Top Partition
 14. Elapsed Time Per Partition
 15. Analysis & Synthesis Messages



----------------
; Legal Notice ;
----------------
Copyright (C) 2018  Intel Corporation. All rights reserved.
Your use of Intel Corporation's design tools, logic functions 
and other software and tools, and its AMPP partner logic 
functions, and any output files from any of the foregoing 
(including device programming or simulation files), and any 
associated documentation or information are expressly subject 
to the terms and conditions of the Intel Program License 
Subscription Agreement, the Intel Quartus Prime License Agreement,
the Intel FPGA IP License Agreement, or other applicable license
agreement, including, without limitation, that your use is for
the sole purpose of programming logic devices manufactured by
Intel and sold by Intel or its authorized distributors.  Please
refer to the applicable agreement for further details.



+-------------------------------------------------------------------------------+
; Analysis & Synthesis Summary                                                  ;
+---------------------------------+---------------------------------------------+
; Analysis & Synthesis Status     ; Successful - Tue Jun  4 22:18:44 2019       ;
; Quartus Prime Version           ; 18.1.0 Build 625 09/12/2018 SJ Lite Edition ;
; Revision Name                   ; gfops                                       ;
; Top-level Entity Name           ; gfops                                       ;
; Family                          ; Cyclone V                                   ;
; Logic utilization (in ALMs)     ; N/A                                         ;
; Total registers                 ; 56                                          ;
; Total pins                      ; 27                                          ;
; Total virtual pins              ; 0                                           ;
; Total block memory bits         ; 0                                           ;
; Total DSP Blocks                ; 0                                           ;
; Total HSSI RX PCSs              ; 0                                           ;
; Total HSSI PMA RX Deserializers ; 0                                           ;
; Total HSSI TX PCSs              ; 0                                           ;
; Total HSSI PMA TX Serializers   ; 0                                           ;
; Total PLLs                      ; 0                                           ;
; Total DLLs                      ; 0                                           ;
+---------------------------------+---------------------------------------------+


+---------------------------------------------------------------------------------------------------------------------------+
; Analysis & Synthesis Settings                                                                                             ;
+---------------------------------------------------------------------------------+--------------------+--------------------+
; Option                                                                          ; Setting            ; Default Value      ;
+---------------------------------------------------------------------------------+--------------------+--------------------+
; Device                                                                          ; 5CGXFC9D6F27C7     ;                    ;
; Top-level entity name                                                           ; gfops              ; gfops              ;
; Family name                                                                     ; Cyclone V          ; Cyclone V          ;
; Use smart compilation                                                           ; Off                ; Off                ;
; Enable parallel Assembler and Timing Analyzer during compilation                ; On                 ; On                 ;
; Enable compact report table                                                     ; Off                ; Off                ;
; Restructure Multiplexers                                                        ; Auto               ; Auto               ;
; MLAB Add Timing Constraints For Mixed-Port Feed-Through Mode Setting Don't Care ; Off                ; Off                ;
; Create Debugging Nodes for IP Cores                                             ; Off                ; Off                ;
; Preserve fewer node names                                                       ; On                 ; On                 ;
; Intel FPGA IP Evaluation Mode                                                   ; Enable             ; Enable             ;
; Verilog Version                                                                 ; Verilog_2001       ; Verilog_2001       ;
; VHDL Version                                                                    ; VHDL_1993          ; VHDL_1993          ;
; State Machine Processing                                                        ; Auto               ; Auto               ;
; Safe State Machine                                                              ; Off                ; Off                ;
; Extract Verilog State Machines                                                  ; On                 ; On                 ;
; Extract VHDL State Machines                                                     ; On                 ; On                 ;
; Ignore Verilog initial constructs                                               ; Off                ; Off                ;
; Iteration limit for constant Verilog loops                                      ; 5000               ; 5000               ;
; Iteration limit for non-constant Verilog loops                                  ; 250                ; 250                ;
; Add Pass-Through Logic to Inferred RAMs                                         ; On                 ; On                 ;
; Infer RAMs from Raw Logic                                                       ; On                 ; On                 ;
; Parallel Synthesis                                                              ; On                 ; On                 ;
; DSP Block Balancing                                                             ; Auto               ; Auto               ;
; NOT Gate Push-Back                                                              ; On                 ; On                 ;
; Power-Up Don't Care                                                             ; On                 ; On                 ;
; Remove Redundant Logic Cells                                                    ; Off                ; Off                ;
; Remove Duplicate Registers                                                      ; On                 ; On                 ;
; Ignore CARRY Buffers                                                            ; Off                ; Off                ;
; Ignore CASCADE Buffers                                                          ; Off                ; Off                ;
; Ignore GLOBAL Buffers                                                           ; Off                ; Off                ;
; Ignore ROW GLOBAL Buffers                                                       ; Off                ; Off                ;
; Ignore LCELL Buffers                                                            ; Off                ; Off                ;
; Ignore SOFT Buffers                                                             ; On                 ; On                 ;
; Limit AHDL Integers to 32 Bits                                                  ; Off                ; Off                ;
; Optimization Technique                                                          ; Balanced           ; Balanced           ;
; Carry Chain Length                                                              ; 70                 ; 70                 ;
; Auto Carry Chains                                                               ; On                 ; On                 ;
; Auto Open-Drain Pins                                                            ; On                 ; On                 ;
; Perform WYSIWYG Primitive Resynthesis                                           ; Off                ; Off                ;
; Auto ROM Replacement                                                            ; On                 ; On                 ;
; Auto RAM Replacement                                                            ; On                 ; On                 ;
; Auto DSP Block Replacement                                                      ; On                 ; On                 ;
; Auto Shift Register Replacement                                                 ; Auto               ; Auto               ;
; Allow Shift Register Merging across Hierarchies                                 ; Auto               ; Auto               ;
; Auto Clock Enable Replacement                                                   ; On                 ; On                 ;
; Strict RAM Replacement                                                          ; Off                ; Off                ;
; Allow Synchronous Control Signals                                               ; On                 ; On                 ;
; Force Use of Synchronous Clear Signals                                          ; Off                ; Off                ;
; Auto Resource Sharing                                                           ; Off                ; Off                ;
; Allow Any RAM Size For Recognition                                              ; Off                ; Off                ;
; Allow Any ROM Size For Recognition                                              ; Off                ; Off                ;
; Allow Any Shift Register Size For Recognition                                   ; Off                ; Off                ;
; Use LogicLock Constraints during Resource Balancing                             ; On                 ; On                 ;
; Ignore translate_off and synthesis_off directives                               ; Off                ; Off                ;
; Timing-Driven Synthesis                                                         ; On                 ; On                 ;
; Report Parameter Settings                                                       ; On                 ; On                 ;
; Report Source Assignments                                                       ; On                 ; On                 ;
; Report Connectivity Checks                                                      ; On                 ; On                 ;
; Ignore Maximum Fan-Out Assignments                                              ; Off                ; Off                ;
; Synchronization Register Chain Length                                           ; 3                  ; 3                  ;
; Power Optimization During Synthesis                                             ; Normal compilation ; Normal compilation ;
; HDL message level                                                               ; Level2             ; Level2             ;
; Suppress Register Optimization Related Messages                                 ; Off                ; Off                ;
; Number of Removed Registers Reported in Synthesis Report                        ; 5000               ; 5000               ;
; Number of Swept Nodes Reported in Synthesis Report                              ; 5000               ; 5000               ;
; Number of Inverted Registers Reported in Synthesis Report                       ; 100                ; 100                ;
; Clock MUX Protection                                                            ; On                 ; On                 ;
; Auto Gated Clock Conversion                                                     ; Off                ; Off                ;
; Block Design Naming                                                             ; Auto               ; Auto               ;
; SDC constraint protection                                                       ; Off                ; Off                ;
; Synthesis Effort                                                                ; Auto               ; Auto               ;
; Shift Register Replacement - Allow Asynchronous Clear Signal                    ; On                 ; On                 ;
; Pre-Mapping Resynthesis Optimization                                            ; Off                ; Off                ;
; Analysis & Synthesis Message Level                                              ; Medium             ; Medium             ;
; Disable Register Merging Across Hierarchies                                     ; Auto               ; Auto               ;
; Resource Aware Inference For Block RAM                                          ; On                 ; On                 ;
; Automatic Parallel Synthesis                                                    ; On                 ; On                 ;
; Partial Reconfiguration Bitstream ID                                            ; Off                ; Off                ;
+---------------------------------------------------------------------------------+--------------------+--------------------+


+------------------------------------------+
; Parallel Compilation                     ;
+----------------------------+-------------+
; Processors                 ; Number      ;
+----------------------------+-------------+
; Number detected on machine ; 4           ;
; Maximum allowed            ; 2           ;
;                            ;             ;
; Average used               ; 1.00        ;
; Maximum used               ; 2           ;
;                            ;             ;
; Usage by Processor         ; % Time Used ;
;     Processor 1            ; 100.0%      ;
;     Processor 2            ;   0.0%      ;
+----------------------------+-------------+


+--------------------------------------------------------------------------------------------------------------------------------------------------------------------------+
; Analysis & Synthesis Source Files Read                                                                                                                                   ;
+----------------------------------+-----------------+-----------------+-----------------------------------------------------------------------------------------+---------+
; File Name with User-Entered Path ; Used in Netlist ; File Type       ; File Name with Absolute Path                                                            ; Library ;
+----------------------------------+-----------------+-----------------+-----------------------------------------------------------------------------------------+---------+
; ../gfmul/gfmul.vhd               ; yes             ; User VHDL File  ; /home/daniel/Dropbox/Academics/MEng/Working/OvS-DPDK-Coding-Switch/fpga/gfmul/gfmul.vhd ;         ;
; ../gfadd/gfadd.vhd               ; yes             ; User VHDL File  ; /home/daniel/Dropbox/Academics/MEng/Working/OvS-DPDK-Coding-Switch/fpga/gfadd/gfadd.vhd ;         ;
; gfops.vhd                        ; yes             ; User VHDL File  ; /home/daniel/Dropbox/Academics/MEng/Working/OvS-DPDK-Coding-Switch/fpga/gfops/gfops.vhd ;         ;
+----------------------------------+-----------------+-----------------+-----------------------------------------------------------------------------------------+---------+


+---------------------------------------------------------+
; Analysis & Synthesis Resource Usage Summary             ;
+---------------------------------------------+-----------+
; Resource                                    ; Usage     ;
+---------------------------------------------+-----------+
; Estimate of Logic utilization (ALMs needed) ; 40        ;
;                                             ;           ;
; Combinational ALUT usage for logic          ; 64        ;
;     -- 7 input functions                    ; 2         ;
;     -- 6 input functions                    ; 6         ;
;     -- 5 input functions                    ; 3         ;
;     -- 4 input functions                    ; 8         ;
;     -- <=3 input functions                  ; 45        ;
;                                             ;           ;
; Dedicated logic registers                   ; 56        ;
;                                             ;           ;
; I/O pins                                    ; 27        ;
;                                             ;           ;
; Total DSP Blocks                            ; 0         ;
;                                             ;           ;
; Maximum fan-out node                        ; rst~input ;
; Maximum fan-out                             ; 67        ;
; Total fan-out                               ; 438       ;
; Average fan-out                             ; 2.52      ;
+---------------------------------------------+-----------+


+-----------------------------------------------------------------------------------------------------------------------------------------------------------------------------------------+
; Analysis & Synthesis Resource Utilization by Entity                                                                                                                                     ;
+----------------------------+---------------------+---------------------------+-------------------+------------+------+--------------+----------------------+-------------+--------------+
; Compilation Hierarchy Node ; Combinational ALUTs ; Dedicated Logic Registers ; Block Memory Bits ; DSP Blocks ; Pins ; Virtual Pins ; Full Hierarchy Name  ; Entity Name ; Library Name ;
+----------------------------+---------------------+---------------------------+-------------------+------------+------+--------------+----------------------+-------------+--------------+
; |gfops                     ; 64 (0)              ; 56 (8)                    ; 0                 ; 0          ; 27   ; 0            ; |gfops               ; gfops       ; work         ;
;    |gfadd:gfadd_1|         ; 8 (8)               ; 8 (8)                     ; 0                 ; 0          ; 0    ; 0            ; |gfops|gfadd:gfadd_1 ; gfadd       ; work         ;
;    |gfmul:gfmul_1|         ; 56 (56)             ; 40 (40)                   ; 0                 ; 0          ; 0    ; 0            ; |gfops|gfmul:gfmul_1 ; gfmul       ; work         ;
+----------------------------+---------------------+---------------------------+-------------------+------------+------+--------------+----------------------+-------------+--------------+
Note: For table entries with two numbers listed, the numbers in parentheses indicate the number of resources of the given type used by the specific entity alone. The numbers listed outside of parentheses indicate the total resources of the given type used by the specific entity and all of its sub-entities in the hierarchy.


+------------------------------------------------------+
; General Register Statistics                          ;
+----------------------------------------------+-------+
; Statistic                                    ; Value ;
+----------------------------------------------+-------+
; Total registers                              ; 56    ;
; Number of registers using Synchronous Clear  ; 36    ;
; Number of registers using Synchronous Load   ; 8     ;
; Number of registers using Asynchronous Clear ; 48    ;
; Number of registers using Asynchronous Load  ; 0     ;
; Number of registers using Clock Enable       ; 8     ;
; Number of registers using Preset             ; 0     ;
+----------------------------------------------+-------+


+--------------------------------------------------+
; Inverted Register Statistics                     ;
+----------------------------------------+---------+
; Inverted Register                      ; Fan out ;
+----------------------------------------+---------+
; gfmul:gfmul_1|count[2]                 ; 4       ;
; gfmul:gfmul_1|count[1]                 ; 4       ;
; gfmul:gfmul_1|count[0]                 ; 3       ;
; Total number of inverted registers = 3 ;         ;
+----------------------------------------+---------+


+-----------------------------------------------------------------------+
; Parameter Settings for User Entity Instance: Top-level Entity: |gfops ;
+----------------+-------+----------------------------------------------+
; Parameter Name ; Value ; Type                                         ;
+----------------+-------+----------------------------------------------+
; m              ; 8     ; Signed Integer                               ;
+----------------+-------+----------------------------------------------+
Note: In order to hide this table in the UI and the text report file, please set the "Show Parameter Settings in Synthesis Report" option in "Analysis and Synthesis Settings -> More Settings" to "Off".


+------------------------------------------------------------+
; Parameter Settings for User Entity Instance: gfmul:gfmul_1 ;
+----------------+-------+-----------------------------------+
; Parameter Name ; Value ; Type                              ;
+----------------+-------+-----------------------------------+
; m              ; 8     ; Signed Integer                    ;
+----------------+-------+-----------------------------------+
Note: In order to hide this table in the UI and the text report file, please set the "Show Parameter Settings in Synthesis Report" option in "Analysis and Synthesis Settings -> More Settings" to "Off".


+------------------------------------------------------------+
; Parameter Settings for User Entity Instance: gfadd:gfadd_1 ;
+----------------+-------+-----------------------------------+
; Parameter Name ; Value ; Type                              ;
+----------------+-------+-----------------------------------+
; m              ; 8     ; Signed Integer                    ;
+----------------+-------+-----------------------------------+
Note: In order to hide this table in the UI and the text report file, please set the "Show Parameter Settings in Synthesis Report" option in "Analysis and Synthesis Settings -> More Settings" to "Off".


+-----------------------------------------------------+
; Post-Synthesis Netlist Statistics for Top Partition ;
+-----------------------+-----------------------------+
; Type                  ; Count                       ;
+-----------------------+-----------------------------+
; arriav_ff             ; 56                          ;
;     CLR               ; 12                          ;
;     CLR SCLR          ; 36                          ;
;     ENA SLD           ; 8                           ;
; arriav_lcell_comb     ; 64                          ;
;     arith             ; 32                          ;
;         1 data inputs ; 32                          ;
;     extend            ; 2                           ;
;         7 data inputs ; 2                           ;
;     normal            ; 30                          ;
;         1 data inputs ; 3                           ;
;         2 data inputs ; 10                          ;
;         4 data inputs ; 8                           ;
;         5 data inputs ; 3                           ;
;         6 data inputs ; 6                           ;
; boundary_port         ; 27                          ;
;                       ;                             ;
; Max LUT depth         ; 5.10                        ;
; Average LUT depth     ; 2.82                        ;
+-----------------------+-----------------------------+


+-------------------------------+
; Elapsed Time Per Partition    ;
+----------------+--------------+
; Partition Name ; Elapsed Time ;
+----------------+--------------+
; Top            ; 00:00:01     ;
+----------------+--------------+


+-------------------------------+
; Analysis & Synthesis Messages ;
+-------------------------------+
Info: *******************************************************************
Info: Running Quartus Prime Analysis & Synthesis
    Info: Version 18.1.0 Build 625 09/12/2018 SJ Lite Edition
    Info: Processing started: Tue Jun  4 22:18:24 2019
Info: Command: quartus_map --read_settings_files=on --write_settings_files=off gfops -c gfops
Warning (18236): Number of processors has not been specified which may cause overloading on shared machines.  Set the global assignment NUM_PARALLEL_PROCESSORS in your QSF to an appropriate value for best performance.
Info (20030): Parallel compilation is enabled and will use 2 of the 2 processors detected
Info (12021): Found 2 design units, including 1 entities, in source file /home/daniel/Dropbox/Academics/MEng/Working/OvS-DPDK-Coding-Switch/fpga/gfmul/gfmul.vhd
    Info (12022): Found design unit 1: gfmul-rtl File: /home/daniel/Dropbox/Academics/MEng/Working/OvS-DPDK-Coding-Switch/fpga/gfmul/gfmul.vhd Line: 19
    Info (12023): Found entity 1: gfmul File: /home/daniel/Dropbox/Academics/MEng/Working/OvS-DPDK-Coding-Switch/fpga/gfmul/gfmul.vhd Line: 5
Info (12021): Found 2 design units, including 1 entities, in source file /home/daniel/Dropbox/Academics/MEng/Working/OvS-DPDK-Coding-Switch/fpga/gfadd/gfadd.vhd
    Info (12022): Found design unit 1: gfadd-rtl File: /home/daniel/Dropbox/Academics/MEng/Working/OvS-DPDK-Coding-Switch/fpga/gfadd/gfadd.vhd Line: 19
    Info (12023): Found entity 1: gfadd File: /home/daniel/Dropbox/Academics/MEng/Working/OvS-DPDK-Coding-Switch/fpga/gfadd/gfadd.vhd Line: 5
Info (12021): Found 2 design units, including 1 entities, in source file gfops.vhd
    Info (12022): Found design unit 1: gfops-rtl File: /home/daniel/Dropbox/Academics/MEng/Working/OvS-DPDK-Coding-Switch/fpga/gfops/gfops.vhd Line: 20
    Info (12023): Found entity 1: gfops File: /home/daniel/Dropbox/Academics/MEng/Working/OvS-DPDK-Coding-Switch/fpga/gfops/gfops.vhd Line: 5
Info (12021): Found 2 design units, including 1 entities, in source file gfopsTb.vhd
    Info (12022): Found design unit 1: gfopsTb-sim File: /home/daniel/Dropbox/Academics/MEng/Working/OvS-DPDK-Coding-Switch/fpga/gfops/gfopsTb.vhd Line: 10
    Info (12023): Found entity 1: gfopsTb File: /home/daniel/Dropbox/Academics/MEng/Working/OvS-DPDK-Coding-Switch/fpga/gfops/gfopsTb.vhd Line: 7
Info (12127): Elaborating entity "gfops" for the top level hierarchy
Info (12128): Elaborating entity "gfmul" for hierarchy "gfmul:gfmul_1" File: /home/daniel/Dropbox/Academics/MEng/Working/OvS-DPDK-Coding-Switch/fpga/gfops/gfops.vhd Line: 51
Info (12128): Elaborating entity "gfadd" for hierarchy "gfadd:gfadd_1" File: /home/daniel/Dropbox/Academics/MEng/Working/OvS-DPDK-Coding-Switch/fpga/gfops/gfops.vhd Line: 54
Info (286030): Timing-Driven Synthesis is running
Critical Warning (18061): Ignored Power-Up Level option on the following registers
    Critical Warning (18010): Register gfmul:gfmul_1|count[2] will power up to High File: /home/daniel/Dropbox/Academics/MEng/Working/OvS-DPDK-Coding-Switch/fpga/gfmul/gfmul.vhd Line: 27
    Critical Warning (18010): Register gfmul:gfmul_1|count[1] will power up to High File: /home/daniel/Dropbox/Academics/MEng/Working/OvS-DPDK-Coding-Switch/fpga/gfmul/gfmul.vhd Line: 27
    Critical Warning (18010): Register gfmul:gfmul_1|count[31] will power up to Low File: /home/daniel/Dropbox/Academics/MEng/Working/OvS-DPDK-Coding-Switch/fpga/gfmul/gfmul.vhd Line: 27
Info (16010): Generating hard_block partition "hard_block:auto_generated_inst"
    Info (16011): Adding 0 node(s), including 0 DDIO, 0 PLL, 0 transceiver and 0 LCELL
Info (21057): Implemented 104 device resources after synthesis - the final resource count might be different
    Info (21058): Implemented 19 input pins
    Info (21059): Implemented 8 output pins
    Info (21061): Implemented 77 logic cells
Info: Quartus Prime Analysis & Synthesis was successful. 0 errors, 5 warnings
    Info: Peak virtual memory: 1022 megabytes
    Info: Processing ended: Tue Jun  4 22:18:44 2019
    Info: Elapsed time: 00:00:20
    Info: Total CPU time (on all processors): 00:00:41


