Analysis & Synthesis report for net_decoder
Mon Jun 17 16:27:00 2019
Quartus Prime Version 18.1.0 Build 625 09/12/2018 SJ Lite Edition


---------------------
; Table of Contents ;
---------------------
  1. Legal Notice
  2. Analysis & Synthesis Summary
  3. Analysis & Synthesis Settings
  4. Parallel Compilation
  5. Analysis & Synthesis Source Files Read
  6. Analysis & Synthesis Resource Usage Summary
  7. Analysis & Synthesis Resource Utilization by Entity
  8. General Register Statistics
  9. Parameter Settings for User Entity Instance: Top-level Entity: |net_decoder
 10. Post-Synthesis Netlist Statistics for Top Partition
 11. Elapsed Time Per Partition
 12. Analysis & Synthesis Messages



----------------
; Legal Notice ;
----------------
Copyright (C) 2018  Intel Corporation. All rights reserved.
Your use of Intel Corporation's design tools, logic functions 
and other software and tools, and its AMPP partner logic 
functions, and any output files from any of the foregoing 
(including device programming or simulation files), and any 
associated documentation or information are expressly subject 
to the terms and conditions of the Intel Program License 
Subscription Agreement, the Intel Quartus Prime License Agreement,
the Intel FPGA IP License Agreement, or other applicable license
agreement, including, without limitation, that your use is for
the sole purpose of programming logic devices manufactured by
Intel and sold by Intel or its authorized distributors.  Please
refer to the applicable agreement for further details.



+-------------------------------------------------------------------------------+
; Analysis & Synthesis Summary                                                  ;
+---------------------------------+---------------------------------------------+
; Analysis & Synthesis Status     ; Successful - Mon Jun 17 16:27:00 2019       ;
; Quartus Prime Version           ; 18.1.0 Build 625 09/12/2018 SJ Lite Edition ;
; Revision Name                   ; net_decoder                                 ;
; Top-level Entity Name           ; net_decoder                                 ;
; Family                          ; Cyclone V                                   ;
; Logic utilization (in ALMs)     ; N/A                                         ;
; Total registers                 ; 0                                           ;
; Total pins                      ; 98                                          ;
; Total virtual pins              ; 0                                           ;
; Total block memory bits         ; 0                                           ;
; Total DSP Blocks                ; 0                                           ;
; Total HSSI RX PCSs              ; 0                                           ;
; Total HSSI PMA RX Deserializers ; 0                                           ;
; Total HSSI TX PCSs              ; 0                                           ;
; Total HSSI PMA TX Serializers   ; 0                                           ;
; Total PLLs                      ; 0                                           ;
; Total DLLs                      ; 0                                           ;
+---------------------------------+---------------------------------------------+


+---------------------------------------------------------------------------------------------------------------------------+
; Analysis & Synthesis Settings                                                                                             ;
+---------------------------------------------------------------------------------+--------------------+--------------------+
; Option                                                                          ; Setting            ; Default Value      ;
+---------------------------------------------------------------------------------+--------------------+--------------------+
; Device                                                                          ; 5CGXFC9D6F27C7     ;                    ;
; Top-level entity name                                                           ; net_decoder        ; net_decoder        ;
; Family name                                                                     ; Cyclone V          ; Cyclone V          ;
; Use smart compilation                                                           ; Off                ; Off                ;
; Enable parallel Assembler and Timing Analyzer during compilation                ; On                 ; On                 ;
; Enable compact report table                                                     ; Off                ; Off                ;
; Restructure Multiplexers                                                        ; Auto               ; Auto               ;
; MLAB Add Timing Constraints For Mixed-Port Feed-Through Mode Setting Don't Care ; Off                ; Off                ;
; Create Debugging Nodes for IP Cores                                             ; Off                ; Off                ;
; Preserve fewer node names                                                       ; On                 ; On                 ;
; Intel FPGA IP Evaluation Mode                                                   ; Enable             ; Enable             ;
; Verilog Version                                                                 ; Verilog_2001       ; Verilog_2001       ;
; VHDL Version                                                                    ; VHDL_1993          ; VHDL_1993          ;
; State Machine Processing                                                        ; Auto               ; Auto               ;
; Safe State Machine                                                              ; Off                ; Off                ;
; Extract Verilog State Machines                                                  ; On                 ; On                 ;
; Extract VHDL State Machines                                                     ; On                 ; On                 ;
; Ignore Verilog initial constructs                                               ; Off                ; Off                ;
; Iteration limit for constant Verilog loops                                      ; 5000               ; 5000               ;
; Iteration limit for non-constant Verilog loops                                  ; 250                ; 250                ;
; Add Pass-Through Logic to Inferred RAMs                                         ; On                 ; On                 ;
; Infer RAMs from Raw Logic                                                       ; On                 ; On                 ;
; Parallel Synthesis                                                              ; On                 ; On                 ;
; DSP Block Balancing                                                             ; Auto               ; Auto               ;
; NOT Gate Push-Back                                                              ; On                 ; On                 ;
; Power-Up Don't Care                                                             ; On                 ; On                 ;
; Remove Redundant Logic Cells                                                    ; Off                ; Off                ;
; Remove Duplicate Registers                                                      ; On                 ; On                 ;
; Ignore CARRY Buffers                                                            ; Off                ; Off                ;
; Ignore CASCADE Buffers                                                          ; Off                ; Off                ;
; Ignore GLOBAL Buffers                                                           ; Off                ; Off                ;
; Ignore ROW GLOBAL Buffers                                                       ; Off                ; Off                ;
; Ignore LCELL Buffers                                                            ; Off                ; Off                ;
; Ignore SOFT Buffers                                                             ; On                 ; On                 ;
; Limit AHDL Integers to 32 Bits                                                  ; Off                ; Off                ;
; Optimization Technique                                                          ; Balanced           ; Balanced           ;
; Carry Chain Length                                                              ; 70                 ; 70                 ;
; Auto Carry Chains                                                               ; On                 ; On                 ;
; Auto Open-Drain Pins                                                            ; On                 ; On                 ;
; Perform WYSIWYG Primitive Resynthesis                                           ; Off                ; Off                ;
; Auto ROM Replacement                                                            ; On                 ; On                 ;
; Auto RAM Replacement                                                            ; On                 ; On                 ;
; Auto DSP Block Replacement                                                      ; On                 ; On                 ;
; Auto Shift Register Replacement                                                 ; Auto               ; Auto               ;
; Allow Shift Register Merging across Hierarchies                                 ; Auto               ; Auto               ;
; Auto Clock Enable Replacement                                                   ; On                 ; On                 ;
; Strict RAM Replacement                                                          ; Off                ; Off                ;
; Allow Synchronous Control Signals                                               ; On                 ; On                 ;
; Force Use of Synchronous Clear Signals                                          ; Off                ; Off                ;
; Auto Resource Sharing                                                           ; Off                ; Off                ;
; Allow Any RAM Size For Recognition                                              ; Off                ; Off                ;
; Allow Any ROM Size For Recognition                                              ; Off                ; Off                ;
; Allow Any Shift Register Size For Recognition                                   ; Off                ; Off                ;
; Use LogicLock Constraints during Resource Balancing                             ; On                 ; On                 ;
; Ignore translate_off and synthesis_off directives                               ; Off                ; Off                ;
; Timing-Driven Synthesis                                                         ; On                 ; On                 ;
; Report Parameter Settings                                                       ; On                 ; On                 ;
; Report Source Assignments                                                       ; On                 ; On                 ;
; Report Connectivity Checks                                                      ; On                 ; On                 ;
; Ignore Maximum Fan-Out Assignments                                              ; Off                ; Off                ;
; Synchronization Register Chain Length                                           ; 3                  ; 3                  ;
; Power Optimization During Synthesis                                             ; Normal compilation ; Normal compilation ;
; HDL message level                                                               ; Level2             ; Level2             ;
; Suppress Register Optimization Related Messages                                 ; Off                ; Off                ;
; Number of Removed Registers Reported in Synthesis Report                        ; 5000               ; 5000               ;
; Number of Swept Nodes Reported in Synthesis Report                              ; 5000               ; 5000               ;
; Number of Inverted Registers Reported in Synthesis Report                       ; 100                ; 100                ;
; Clock MUX Protection                                                            ; On                 ; On                 ;
; Auto Gated Clock Conversion                                                     ; Off                ; Off                ;
; Block Design Naming                                                             ; Auto               ; Auto               ;
; SDC constraint protection                                                       ; Off                ; Off                ;
; Synthesis Effort                                                                ; Auto               ; Auto               ;
; Shift Register Replacement - Allow Asynchronous Clear Signal                    ; On                 ; On                 ;
; Pre-Mapping Resynthesis Optimization                                            ; Off                ; Off                ;
; Analysis & Synthesis Message Level                                              ; Medium             ; Medium             ;
; Disable Register Merging Across Hierarchies                                     ; Auto               ; Auto               ;
; Resource Aware Inference For Block RAM                                          ; On                 ; On                 ;
; Automatic Parallel Synthesis                                                    ; On                 ; On                 ;
; Partial Reconfiguration Bitstream ID                                            ; Off                ; Off                ;
+---------------------------------------------------------------------------------+--------------------+--------------------+


+------------------------------------------+
; Parallel Compilation                     ;
+----------------------------+-------------+
; Processors                 ; Number      ;
+----------------------------+-------------+
; Number detected on machine ; 4           ;
; Maximum allowed            ; 2           ;
;                            ;             ;
; Average used               ; 1.00        ;
; Maximum used               ; 1           ;
;                            ;             ;
; Usage by Processor         ; % Time Used ;
;     Processor 1            ; 100.0%      ;
+----------------------------+-------------+


+--------------------------------------------------------------------------------------------------------------------------------------------------------------------------------------------+
; Analysis & Synthesis Source Files Read                                                                                                                                                     ;
+----------------------------------+-----------------+-----------------------+-----------------------------------------------------------------------------------------------------+---------+
; File Name with User-Entered Path ; Used in Netlist ; File Type             ; File Name with Absolute Path                                                                        ; Library ;
+----------------------------------+-----------------+-----------------------+-----------------------------------------------------------------------------------------------------+---------+
; net_decoder.vhd                  ; yes             ; Auto-Found VHDL File  ; /home/daniel/Dropbox/Academics/MEng/Working/OvS-DPDK-Coding-Switch/fpga/net_decoder/net_decoder.vhd ;         ;
+----------------------------------+-----------------+-----------------------+-----------------------------------------------------------------------------------------------------+---------+


+-----------------------------------------------------+
; Analysis & Synthesis Resource Usage Summary         ;
+---------------------------------------------+-------+
; Resource                                    ; Usage ;
+---------------------------------------------+-------+
; Estimate of Logic utilization (ALMs needed) ; 0     ;
;                                             ;       ;
; Combinational ALUT usage for logic          ; 0     ;
;     -- 7 input functions                    ; 0     ;
;     -- 6 input functions                    ; 0     ;
;     -- 5 input functions                    ; 0     ;
;     -- 4 input functions                    ; 0     ;
;     -- <=3 input functions                  ; 0     ;
;                                             ;       ;
; Dedicated logic registers                   ; 0     ;
;                                             ;       ;
; I/O pins                                    ; 98    ;
;                                             ;       ;
; Total DSP Blocks                            ; 0     ;
;                                             ;       ;
; Maximum fan-out node                        ; clk   ;
; Maximum fan-out                             ; 1     ;
; Total fan-out                               ; 98    ;
; Average fan-out                             ; 0.50  ;
+---------------------------------------------+-------+


+----------------------------------------------------------------------------------------------------------------------------------------------------------------------------------------+
; Analysis & Synthesis Resource Utilization by Entity                                                                                                                                    ;
+----------------------------+---------------------+---------------------------+-------------------+------------+------+--------------+---------------------+-------------+--------------+
; Compilation Hierarchy Node ; Combinational ALUTs ; Dedicated Logic Registers ; Block Memory Bits ; DSP Blocks ; Pins ; Virtual Pins ; Full Hierarchy Name ; Entity Name ; Library Name ;
+----------------------------+---------------------+---------------------------+-------------------+------------+------+--------------+---------------------+-------------+--------------+
; |net_decoder               ; 0 (0)               ; 0 (0)                     ; 0                 ; 0          ; 98   ; 0            ; |net_decoder        ; net_decoder ; work         ;
+----------------------------+---------------------+---------------------------+-------------------+------------+------+--------------+---------------------+-------------+--------------+
Note: For table entries with two numbers listed, the numbers in parentheses indicate the number of resources of the given type used by the specific entity alone. The numbers listed outside of parentheses indicate the total resources of the given type used by the specific entity and all of its sub-entities in the hierarchy.


+------------------------------------------------------+
; General Register Statistics                          ;
+----------------------------------------------+-------+
; Statistic                                    ; Value ;
+----------------------------------------------+-------+
; Total registers                              ; 0     ;
; Number of registers using Synchronous Clear  ; 0     ;
; Number of registers using Synchronous Load   ; 0     ;
; Number of registers using Asynchronous Clear ; 0     ;
; Number of registers using Asynchronous Load  ; 0     ;
; Number of registers using Clock Enable       ; 0     ;
; Number of registers using Preset             ; 0     ;
+----------------------------------------------+-------+


+-----------------------------------------------------------------------------+
; Parameter Settings for User Entity Instance: Top-level Entity: |net_decoder ;
+----------------+-------+----------------------------------------------------+
; Parameter Name ; Value ; Type                                               ;
+----------------+-------+----------------------------------------------------+
; m              ; 8     ; Signed Integer                                     ;
; h              ; 7     ; Signed Integer                                     ;
; N              ; 64    ; Signed Integer                                     ;
+----------------+-------+----------------------------------------------------+
Note: In order to hide this table in the UI and the text report file, please set the "Show Parameter Settings in Synthesis Report" option in "Analysis and Synthesis Settings -> More Settings" to "Off".


+-----------------------------------------------------+
; Post-Synthesis Netlist Statistics for Top Partition ;
+-----------------------+-----------------------------+
; Type                  ; Count                       ;
+-----------------------+-----------------------------+
; arriav_lcell_comb     ; 1                           ;
;     normal            ; 1                           ;
;         0 data inputs ; 1                           ;
; boundary_port         ; 98                          ;
;                       ;                             ;
; Max LUT depth         ; 0.00                        ;
; Average LUT depth     ; 0.00                        ;
+-----------------------+-----------------------------+


+-------------------------------+
; Elapsed Time Per Partition    ;
+----------------+--------------+
; Partition Name ; Elapsed Time ;
+----------------+--------------+
; Top            ; 00:00:00     ;
+----------------+--------------+


+-------------------------------+
; Analysis & Synthesis Messages ;
+-------------------------------+
Info: *******************************************************************
Info: Running Quartus Prime Analysis & Synthesis
    Info: Version 18.1.0 Build 625 09/12/2018 SJ Lite Edition
    Info: Processing started: Mon Jun 17 16:26:42 2019
Info: Command: quartus_map --read_settings_files=on --write_settings_files=off net_decoder -c net_decoder
Warning (18236): Number of processors has not been specified which may cause overloading on shared machines.  Set the global assignment NUM_PARALLEL_PROCESSORS in your QSF to an appropriate value for best performance.
Info (20030): Parallel compilation is enabled and will use 2 of the 2 processors detected
Warning (12019): Can't analyze file -- file ../../../../Dropbox/Academics/MEng/Working/OvS-DPDK-Coding-Switch/fpga/fifo32x1024/fifo32x1024.vhd is missing
Warning (12019): Can't analyze file -- file ../../../../Dropbox/Academics/MEng/Working/OvS-DPDK-Coding-Switch/fpga/fifo56x16/fifo56x16.vhd is missing
Warning (12019): Can't analyze file -- file ../../../../Dropbox/Academics/MEng/Working/OvS-DPDK-Coding-Switch/fpga/gfadd/gfadd.vhd is missing
Warning (12019): Can't analyze file -- file ../../../../Dropbox/Academics/MEng/Working/OvS-DPDK-Coding-Switch/fpga/gfmul/gfmul.vhd is missing
Warning (12019): Can't analyze file -- file ../../../../Dropbox/Academics/MEng/Working/OvS-DPDK-Coding-Switch/fpga/net_decoder/net_decoder.vhd is missing
Warning (12019): Can't analyze file -- file ../../../../Dropbox/Academics/MEng/Working/OvS-DPDK-Coding-Switch/fpga/net_decoder/net_decoderTb.vhd is missing
Warning (12125): Using design file net_decoder.vhd, which is not specified as a design file for the current project, but contains definitions for 2 design units and 1 entities in project
    Info (12022): Found design unit 1: net_decoder-rtl File: /home/daniel/Dropbox/Academics/MEng/Working/OvS-DPDK-Coding-Switch/fpga/net_decoder/net_decoder.vhd Line: 21
    Info (12023): Found entity 1: net_decoder File: /home/daniel/Dropbox/Academics/MEng/Working/OvS-DPDK-Coding-Switch/fpga/net_decoder/net_decoder.vhd Line: 5
Info (12127): Elaborating entity "net_decoder" for the top level hierarchy
Warning (10541): VHDL Signal Declaration warning at net_decoder.vhd(17): used implicit default value for signal "pkt32bseg_o" because signal was never assigned a value or an explicit default value. Use of implicit default value may introduce unintended design optimizations. File: /home/daniel/Dropbox/Academics/MEng/Working/OvS-DPDK-Coding-Switch/fpga/net_decoder/net_decoder.vhd Line: 17
Warning (13024): Output pins are stuck at VCC or GND
    Warning (13410): Pin "pkt32bseg_o[0]" is stuck at GND File: /home/daniel/Dropbox/Academics/MEng/Working/OvS-DPDK-Coding-Switch/fpga/net_decoder/net_decoder.vhd Line: 17
    Warning (13410): Pin "pkt32bseg_o[1]" is stuck at GND File: /home/daniel/Dropbox/Academics/MEng/Working/OvS-DPDK-Coding-Switch/fpga/net_decoder/net_decoder.vhd Line: 17
    Warning (13410): Pin "pkt32bseg_o[2]" is stuck at GND File: /home/daniel/Dropbox/Academics/MEng/Working/OvS-DPDK-Coding-Switch/fpga/net_decoder/net_decoder.vhd Line: 17
    Warning (13410): Pin "pkt32bseg_o[3]" is stuck at GND File: /home/daniel/Dropbox/Academics/MEng/Working/OvS-DPDK-Coding-Switch/fpga/net_decoder/net_decoder.vhd Line: 17
    Warning (13410): Pin "pkt32bseg_o[4]" is stuck at GND File: /home/daniel/Dropbox/Academics/MEng/Working/OvS-DPDK-Coding-Switch/fpga/net_decoder/net_decoder.vhd Line: 17
    Warning (13410): Pin "pkt32bseg_o[5]" is stuck at GND File: /home/daniel/Dropbox/Academics/MEng/Working/OvS-DPDK-Coding-Switch/fpga/net_decoder/net_decoder.vhd Line: 17
    Warning (13410): Pin "pkt32bseg_o[6]" is stuck at GND File: /home/daniel/Dropbox/Academics/MEng/Working/OvS-DPDK-Coding-Switch/fpga/net_decoder/net_decoder.vhd Line: 17
    Warning (13410): Pin "pkt32bseg_o[7]" is stuck at GND File: /home/daniel/Dropbox/Academics/MEng/Working/OvS-DPDK-Coding-Switch/fpga/net_decoder/net_decoder.vhd Line: 17
    Warning (13410): Pin "pkt32bseg_o[8]" is stuck at GND File: /home/daniel/Dropbox/Academics/MEng/Working/OvS-DPDK-Coding-Switch/fpga/net_decoder/net_decoder.vhd Line: 17
    Warning (13410): Pin "pkt32bseg_o[9]" is stuck at GND File: /home/daniel/Dropbox/Academics/MEng/Working/OvS-DPDK-Coding-Switch/fpga/net_decoder/net_decoder.vhd Line: 17
    Warning (13410): Pin "pkt32bseg_o[10]" is stuck at GND File: /home/daniel/Dropbox/Academics/MEng/Working/OvS-DPDK-Coding-Switch/fpga/net_decoder/net_decoder.vhd Line: 17
    Warning (13410): Pin "pkt32bseg_o[11]" is stuck at GND File: /home/daniel/Dropbox/Academics/MEng/Working/OvS-DPDK-Coding-Switch/fpga/net_decoder/net_decoder.vhd Line: 17
    Warning (13410): Pin "pkt32bseg_o[12]" is stuck at GND File: /home/daniel/Dropbox/Academics/MEng/Working/OvS-DPDK-Coding-Switch/fpga/net_decoder/net_decoder.vhd Line: 17
    Warning (13410): Pin "pkt32bseg_o[13]" is stuck at GND File: /home/daniel/Dropbox/Academics/MEng/Working/OvS-DPDK-Coding-Switch/fpga/net_decoder/net_decoder.vhd Line: 17
    Warning (13410): Pin "pkt32bseg_o[14]" is stuck at GND File: /home/daniel/Dropbox/Academics/MEng/Working/OvS-DPDK-Coding-Switch/fpga/net_decoder/net_decoder.vhd Line: 17
    Warning (13410): Pin "pkt32bseg_o[15]" is stuck at GND File: /home/daniel/Dropbox/Academics/MEng/Working/OvS-DPDK-Coding-Switch/fpga/net_decoder/net_decoder.vhd Line: 17
    Warning (13410): Pin "pkt32bseg_o[16]" is stuck at GND File: /home/daniel/Dropbox/Academics/MEng/Working/OvS-DPDK-Coding-Switch/fpga/net_decoder/net_decoder.vhd Line: 17
    Warning (13410): Pin "pkt32bseg_o[17]" is stuck at GND File: /home/daniel/Dropbox/Academics/MEng/Working/OvS-DPDK-Coding-Switch/fpga/net_decoder/net_decoder.vhd Line: 17
    Warning (13410): Pin "pkt32bseg_o[18]" is stuck at GND File: /home/daniel/Dropbox/Academics/MEng/Working/OvS-DPDK-Coding-Switch/fpga/net_decoder/net_decoder.vhd Line: 17
    Warning (13410): Pin "pkt32bseg_o[19]" is stuck at GND File: /home/daniel/Dropbox/Academics/MEng/Working/OvS-DPDK-Coding-Switch/fpga/net_decoder/net_decoder.vhd Line: 17
    Warning (13410): Pin "pkt32bseg_o[20]" is stuck at GND File: /home/daniel/Dropbox/Academics/MEng/Working/OvS-DPDK-Coding-Switch/fpga/net_decoder/net_decoder.vhd Line: 17
    Warning (13410): Pin "pkt32bseg_o[21]" is stuck at GND File: /home/daniel/Dropbox/Academics/MEng/Working/OvS-DPDK-Coding-Switch/fpga/net_decoder/net_decoder.vhd Line: 17
    Warning (13410): Pin "pkt32bseg_o[22]" is stuck at GND File: /home/daniel/Dropbox/Academics/MEng/Working/OvS-DPDK-Coding-Switch/fpga/net_decoder/net_decoder.vhd Line: 17
    Warning (13410): Pin "pkt32bseg_o[23]" is stuck at GND File: /home/daniel/Dropbox/Academics/MEng/Working/OvS-DPDK-Coding-Switch/fpga/net_decoder/net_decoder.vhd Line: 17
    Warning (13410): Pin "pkt32bseg_o[24]" is stuck at GND File: /home/daniel/Dropbox/Academics/MEng/Working/OvS-DPDK-Coding-Switch/fpga/net_decoder/net_decoder.vhd Line: 17
    Warning (13410): Pin "pkt32bseg_o[25]" is stuck at GND File: /home/daniel/Dropbox/Academics/MEng/Working/OvS-DPDK-Coding-Switch/fpga/net_decoder/net_decoder.vhd Line: 17
    Warning (13410): Pin "pkt32bseg_o[26]" is stuck at GND File: /home/daniel/Dropbox/Academics/MEng/Working/OvS-DPDK-Coding-Switch/fpga/net_decoder/net_decoder.vhd Line: 17
    Warning (13410): Pin "pkt32bseg_o[27]" is stuck at GND File: /home/daniel/Dropbox/Academics/MEng/Working/OvS-DPDK-Coding-Switch/fpga/net_decoder/net_decoder.vhd Line: 17
    Warning (13410): Pin "pkt32bseg_o[28]" is stuck at GND File: /home/daniel/Dropbox/Academics/MEng/Working/OvS-DPDK-Coding-Switch/fpga/net_decoder/net_decoder.vhd Line: 17
    Warning (13410): Pin "pkt32bseg_o[29]" is stuck at GND File: /home/daniel/Dropbox/Academics/MEng/Working/OvS-DPDK-Coding-Switch/fpga/net_decoder/net_decoder.vhd Line: 17
    Warning (13410): Pin "pkt32bseg_o[30]" is stuck at GND File: /home/daniel/Dropbox/Academics/MEng/Working/OvS-DPDK-Coding-Switch/fpga/net_decoder/net_decoder.vhd Line: 17
    Warning (13410): Pin "pkt32bseg_o[31]" is stuck at GND File: /home/daniel/Dropbox/Academics/MEng/Working/OvS-DPDK-Coding-Switch/fpga/net_decoder/net_decoder.vhd Line: 17
Info (16010): Generating hard_block partition "hard_block:auto_generated_inst"
    Info (16011): Adding 0 node(s), including 0 DDIO, 0 PLL, 0 transceiver and 0 LCELL
Warning (21074): Design contains 66 input pin(s) that do not drive logic
    Warning (15610): No output dependent on input pin "clk" File: /home/daniel/Dropbox/Academics/MEng/Working/OvS-DPDK-Coding-Switch/fpga/net_decoder/net_decoder.vhd Line: 11
    Warning (15610): No output dependent on input pin "rst" File: /home/daniel/Dropbox/Academics/MEng/Working/OvS-DPDK-Coding-Switch/fpga/net_decoder/net_decoder.vhd Line: 12
    Warning (15610): No output dependent on input pin "pkt32bseg_i[0]" File: /home/daniel/Dropbox/Academics/MEng/Working/OvS-DPDK-Coding-Switch/fpga/net_decoder/net_decoder.vhd Line: 13
    Warning (15610): No output dependent on input pin "pkt32bseg_i[1]" File: /home/daniel/Dropbox/Academics/MEng/Working/OvS-DPDK-Coding-Switch/fpga/net_decoder/net_decoder.vhd Line: 13
    Warning (15610): No output dependent on input pin "pkt32bseg_i[2]" File: /home/daniel/Dropbox/Academics/MEng/Working/OvS-DPDK-Coding-Switch/fpga/net_decoder/net_decoder.vhd Line: 13
    Warning (15610): No output dependent on input pin "pkt32bseg_i[3]" File: /home/daniel/Dropbox/Academics/MEng/Working/OvS-DPDK-Coding-Switch/fpga/net_decoder/net_decoder.vhd Line: 13
    Warning (15610): No output dependent on input pin "pkt32bseg_i[4]" File: /home/daniel/Dropbox/Academics/MEng/Working/OvS-DPDK-Coding-Switch/fpga/net_decoder/net_decoder.vhd Line: 13
    Warning (15610): No output dependent on input pin "pkt32bseg_i[5]" File: /home/daniel/Dropbox/Academics/MEng/Working/OvS-DPDK-Coding-Switch/fpga/net_decoder/net_decoder.vhd Line: 13
    Warning (15610): No output dependent on input pin "pkt32bseg_i[6]" File: /home/daniel/Dropbox/Academics/MEng/Working/OvS-DPDK-Coding-Switch/fpga/net_decoder/net_decoder.vhd Line: 13
    Warning (15610): No output dependent on input pin "pkt32bseg_i[7]" File: /home/daniel/Dropbox/Academics/MEng/Working/OvS-DPDK-Coding-Switch/fpga/net_decoder/net_decoder.vhd Line: 13
    Warning (15610): No output dependent on input pin "pkt32bseg_i[8]" File: /home/daniel/Dropbox/Academics/MEng/Working/OvS-DPDK-Coding-Switch/fpga/net_decoder/net_decoder.vhd Line: 13
    Warning (15610): No output dependent on input pin "pkt32bseg_i[9]" File: /home/daniel/Dropbox/Academics/MEng/Working/OvS-DPDK-Coding-Switch/fpga/net_decoder/net_decoder.vhd Line: 13
    Warning (15610): No output dependent on input pin "pkt32bseg_i[10]" File: /home/daniel/Dropbox/Academics/MEng/Working/OvS-DPDK-Coding-Switch/fpga/net_decoder/net_decoder.vhd Line: 13
    Warning (15610): No output dependent on input pin "pkt32bseg_i[11]" File: /home/daniel/Dropbox/Academics/MEng/Working/OvS-DPDK-Coding-Switch/fpga/net_decoder/net_decoder.vhd Line: 13
    Warning (15610): No output dependent on input pin "pkt32bseg_i[12]" File: /home/daniel/Dropbox/Academics/MEng/Working/OvS-DPDK-Coding-Switch/fpga/net_decoder/net_decoder.vhd Line: 13
    Warning (15610): No output dependent on input pin "pkt32bseg_i[13]" File: /home/daniel/Dropbox/Academics/MEng/Working/OvS-DPDK-Coding-Switch/fpga/net_decoder/net_decoder.vhd Line: 13
    Warning (15610): No output dependent on input pin "pkt32bseg_i[14]" File: /home/daniel/Dropbox/Academics/MEng/Working/OvS-DPDK-Coding-Switch/fpga/net_decoder/net_decoder.vhd Line: 13
    Warning (15610): No output dependent on input pin "pkt32bseg_i[15]" File: /home/daniel/Dropbox/Academics/MEng/Working/OvS-DPDK-Coding-Switch/fpga/net_decoder/net_decoder.vhd Line: 13
    Warning (15610): No output dependent on input pin "pkt32bseg_i[16]" File: /home/daniel/Dropbox/Academics/MEng/Working/OvS-DPDK-Coding-Switch/fpga/net_decoder/net_decoder.vhd Line: 13
    Warning (15610): No output dependent on input pin "pkt32bseg_i[17]" File: /home/daniel/Dropbox/Academics/MEng/Working/OvS-DPDK-Coding-Switch/fpga/net_decoder/net_decoder.vhd Line: 13
    Warning (15610): No output dependent on input pin "pkt32bseg_i[18]" File: /home/daniel/Dropbox/Academics/MEng/Working/OvS-DPDK-Coding-Switch/fpga/net_decoder/net_decoder.vhd Line: 13
    Warning (15610): No output dependent on input pin "pkt32bseg_i[19]" File: /home/daniel/Dropbox/Academics/MEng/Working/OvS-DPDK-Coding-Switch/fpga/net_decoder/net_decoder.vhd Line: 13
    Warning (15610): No output dependent on input pin "pkt32bseg_i[20]" File: /home/daniel/Dropbox/Academics/MEng/Working/OvS-DPDK-Coding-Switch/fpga/net_decoder/net_decoder.vhd Line: 13
    Warning (15610): No output dependent on input pin "pkt32bseg_i[21]" File: /home/daniel/Dropbox/Academics/MEng/Working/OvS-DPDK-Coding-Switch/fpga/net_decoder/net_decoder.vhd Line: 13
    Warning (15610): No output dependent on input pin "pkt32bseg_i[22]" File: /home/daniel/Dropbox/Academics/MEng/Working/OvS-DPDK-Coding-Switch/fpga/net_decoder/net_decoder.vhd Line: 13
    Warning (15610): No output dependent on input pin "pkt32bseg_i[23]" File: /home/daniel/Dropbox/Academics/MEng/Working/OvS-DPDK-Coding-Switch/fpga/net_decoder/net_decoder.vhd Line: 13
    Warning (15610): No output dependent on input pin "pkt32bseg_i[24]" File: /home/daniel/Dropbox/Academics/MEng/Working/OvS-DPDK-Coding-Switch/fpga/net_decoder/net_decoder.vhd Line: 13
    Warning (15610): No output dependent on input pin "pkt32bseg_i[25]" File: /home/daniel/Dropbox/Academics/MEng/Working/OvS-DPDK-Coding-Switch/fpga/net_decoder/net_decoder.vhd Line: 13
    Warning (15610): No output dependent on input pin "pkt32bseg_i[26]" File: /home/daniel/Dropbox/Academics/MEng/Working/OvS-DPDK-Coding-Switch/fpga/net_decoder/net_decoder.vhd Line: 13
    Warning (15610): No output dependent on input pin "pkt32bseg_i[27]" File: /home/daniel/Dropbox/Academics/MEng/Working/OvS-DPDK-Coding-Switch/fpga/net_decoder/net_decoder.vhd Line: 13
    Warning (15610): No output dependent on input pin "pkt32bseg_i[28]" File: /home/daniel/Dropbox/Academics/MEng/Working/OvS-DPDK-Coding-Switch/fpga/net_decoder/net_decoder.vhd Line: 13
    Warning (15610): No output dependent on input pin "pkt32bseg_i[29]" File: /home/daniel/Dropbox/Academics/MEng/Working/OvS-DPDK-Coding-Switch/fpga/net_decoder/net_decoder.vhd Line: 13
    Warning (15610): No output dependent on input pin "pkt32bseg_i[30]" File: /home/daniel/Dropbox/Academics/MEng/Working/OvS-DPDK-Coding-Switch/fpga/net_decoder/net_decoder.vhd Line: 13
    Warning (15610): No output dependent on input pin "pkt32bseg_i[31]" File: /home/daniel/Dropbox/Academics/MEng/Working/OvS-DPDK-Coding-Switch/fpga/net_decoder/net_decoder.vhd Line: 13
    Warning (15610): No output dependent on input pin "coeffs_in[0]" File: /home/daniel/Dropbox/Academics/MEng/Working/OvS-DPDK-Coding-Switch/fpga/net_decoder/net_decoder.vhd Line: 14
    Warning (15610): No output dependent on input pin "coeffs_in[1]" File: /home/daniel/Dropbox/Academics/MEng/Working/OvS-DPDK-Coding-Switch/fpga/net_decoder/net_decoder.vhd Line: 14
    Warning (15610): No output dependent on input pin "coeffs_in[2]" File: /home/daniel/Dropbox/Academics/MEng/Working/OvS-DPDK-Coding-Switch/fpga/net_decoder/net_decoder.vhd Line: 14
    Warning (15610): No output dependent on input pin "coeffs_in[3]" File: /home/daniel/Dropbox/Academics/MEng/Working/OvS-DPDK-Coding-Switch/fpga/net_decoder/net_decoder.vhd Line: 14
    Warning (15610): No output dependent on input pin "coeffs_in[4]" File: /home/daniel/Dropbox/Academics/MEng/Working/OvS-DPDK-Coding-Switch/fpga/net_decoder/net_decoder.vhd Line: 14
    Warning (15610): No output dependent on input pin "coeffs_in[5]" File: /home/daniel/Dropbox/Academics/MEng/Working/OvS-DPDK-Coding-Switch/fpga/net_decoder/net_decoder.vhd Line: 14
    Warning (15610): No output dependent on input pin "coeffs_in[6]" File: /home/daniel/Dropbox/Academics/MEng/Working/OvS-DPDK-Coding-Switch/fpga/net_decoder/net_decoder.vhd Line: 14
    Warning (15610): No output dependent on input pin "coeffs_in[7]" File: /home/daniel/Dropbox/Academics/MEng/Working/OvS-DPDK-Coding-Switch/fpga/net_decoder/net_decoder.vhd Line: 14
    Warning (15610): No output dependent on input pin "coeffs_in[8]" File: /home/daniel/Dropbox/Academics/MEng/Working/OvS-DPDK-Coding-Switch/fpga/net_decoder/net_decoder.vhd Line: 14
    Warning (15610): No output dependent on input pin "coeffs_in[9]" File: /home/daniel/Dropbox/Academics/MEng/Working/OvS-DPDK-Coding-Switch/fpga/net_decoder/net_decoder.vhd Line: 14
    Warning (15610): No output dependent on input pin "coeffs_in[10]" File: /home/daniel/Dropbox/Academics/MEng/Working/OvS-DPDK-Coding-Switch/fpga/net_decoder/net_decoder.vhd Line: 14
    Warning (15610): No output dependent on input pin "coeffs_in[11]" File: /home/daniel/Dropbox/Academics/MEng/Working/OvS-DPDK-Coding-Switch/fpga/net_decoder/net_decoder.vhd Line: 14
    Warning (15610): No output dependent on input pin "coeffs_in[12]" File: /home/daniel/Dropbox/Academics/MEng/Working/OvS-DPDK-Coding-Switch/fpga/net_decoder/net_decoder.vhd Line: 14
    Warning (15610): No output dependent on input pin "coeffs_in[13]" File: /home/daniel/Dropbox/Academics/MEng/Working/OvS-DPDK-Coding-Switch/fpga/net_decoder/net_decoder.vhd Line: 14
    Warning (15610): No output dependent on input pin "coeffs_in[14]" File: /home/daniel/Dropbox/Academics/MEng/Working/OvS-DPDK-Coding-Switch/fpga/net_decoder/net_decoder.vhd Line: 14
    Warning (15610): No output dependent on input pin "coeffs_in[15]" File: /home/daniel/Dropbox/Academics/MEng/Working/OvS-DPDK-Coding-Switch/fpga/net_decoder/net_decoder.vhd Line: 14
    Warning (15610): No output dependent on input pin "coeffs_in[16]" File: /home/daniel/Dropbox/Academics/MEng/Working/OvS-DPDK-Coding-Switch/fpga/net_decoder/net_decoder.vhd Line: 14
    Warning (15610): No output dependent on input pin "coeffs_in[17]" File: /home/daniel/Dropbox/Academics/MEng/Working/OvS-DPDK-Coding-Switch/fpga/net_decoder/net_decoder.vhd Line: 14
    Warning (15610): No output dependent on input pin "coeffs_in[18]" File: /home/daniel/Dropbox/Academics/MEng/Working/OvS-DPDK-Coding-Switch/fpga/net_decoder/net_decoder.vhd Line: 14
    Warning (15610): No output dependent on input pin "coeffs_in[19]" File: /home/daniel/Dropbox/Academics/MEng/Working/OvS-DPDK-Coding-Switch/fpga/net_decoder/net_decoder.vhd Line: 14
    Warning (15610): No output dependent on input pin "coeffs_in[20]" File: /home/daniel/Dropbox/Academics/MEng/Working/OvS-DPDK-Coding-Switch/fpga/net_decoder/net_decoder.vhd Line: 14
    Warning (15610): No output dependent on input pin "coeffs_in[21]" File: /home/daniel/Dropbox/Academics/MEng/Working/OvS-DPDK-Coding-Switch/fpga/net_decoder/net_decoder.vhd Line: 14
    Warning (15610): No output dependent on input pin "coeffs_in[22]" File: /home/daniel/Dropbox/Academics/MEng/Working/OvS-DPDK-Coding-Switch/fpga/net_decoder/net_decoder.vhd Line: 14
    Warning (15610): No output dependent on input pin "coeffs_in[23]" File: /home/daniel/Dropbox/Academics/MEng/Working/OvS-DPDK-Coding-Switch/fpga/net_decoder/net_decoder.vhd Line: 14
    Warning (15610): No output dependent on input pin "coeffs_in[24]" File: /home/daniel/Dropbox/Academics/MEng/Working/OvS-DPDK-Coding-Switch/fpga/net_decoder/net_decoder.vhd Line: 14
    Warning (15610): No output dependent on input pin "coeffs_in[25]" File: /home/daniel/Dropbox/Academics/MEng/Working/OvS-DPDK-Coding-Switch/fpga/net_decoder/net_decoder.vhd Line: 14
    Warning (15610): No output dependent on input pin "coeffs_in[26]" File: /home/daniel/Dropbox/Academics/MEng/Working/OvS-DPDK-Coding-Switch/fpga/net_decoder/net_decoder.vhd Line: 14
    Warning (15610): No output dependent on input pin "coeffs_in[27]" File: /home/daniel/Dropbox/Academics/MEng/Working/OvS-DPDK-Coding-Switch/fpga/net_decoder/net_decoder.vhd Line: 14
    Warning (15610): No output dependent on input pin "coeffs_in[28]" File: /home/daniel/Dropbox/Academics/MEng/Working/OvS-DPDK-Coding-Switch/fpga/net_decoder/net_decoder.vhd Line: 14
    Warning (15610): No output dependent on input pin "coeffs_in[29]" File: /home/daniel/Dropbox/Academics/MEng/Working/OvS-DPDK-Coding-Switch/fpga/net_decoder/net_decoder.vhd Line: 14
    Warning (15610): No output dependent on input pin "coeffs_in[30]" File: /home/daniel/Dropbox/Academics/MEng/Working/OvS-DPDK-Coding-Switch/fpga/net_decoder/net_decoder.vhd Line: 14
    Warning (15610): No output dependent on input pin "coeffs_in[31]" File: /home/daniel/Dropbox/Academics/MEng/Working/OvS-DPDK-Coding-Switch/fpga/net_decoder/net_decoder.vhd Line: 14
Info (21057): Implemented 98 device resources after synthesis - the final resource count might be different
    Info (21058): Implemented 66 input pins
    Info (21059): Implemented 32 output pins
Info: Quartus Prime Analysis & Synthesis was successful. 0 errors, 109 warnings
    Info: Peak virtual memory: 1022 megabytes
    Info: Processing ended: Mon Jun 17 16:27:00 2019
    Info: Elapsed time: 00:00:18
    Info: Total CPU time (on all processors): 00:00:39


