Assembler report for PCIe_Fundamental
Wed Nov  6 23:46:06 2019
Quartus Prime Version 18.1.0 Build 625 09/12/2018 SJ Lite Edition


---------------------
; Table of Contents ;
---------------------
  1. Legal Notice
  2. Assembler Summary
  3. Assembler Settings
  4. Assembler Encrypted IP Cores Summary
  5. Assembler Generated Files
  6. Assembler Device Options: PCIe_Fundamental.sof
  7. Assembler Messages



----------------
; Legal Notice ;
----------------
Copyright (C) 2018  Intel Corporation. All rights reserved.
Your use of Intel Corporation's design tools, logic functions 
and other software and tools, and its AMPP partner logic 
functions, and any output files from any of the foregoing 
(including device programming or simulation files), and any 
associated documentation or information are expressly subject 
to the terms and conditions of the Intel Program License 
Subscription Agreement, the Intel Quartus Prime License Agreement,
the Intel FPGA IP License Agreement, or other applicable license
agreement, including, without limitation, that your use is for
the sole purpose of programming logic devices manufactured by
Intel and sold by Intel or its authorized distributors.  Please
refer to the applicable agreement for further details.



+---------------------------------------------------------------+
; Assembler Summary                                             ;
+-----------------------+---------------------------------------+
; Assembler Status      ; Successful - Wed Nov  6 23:46:06 2019 ;
; Revision Name         ; PCIe_Fundamental                      ;
; Top-level Entity Name ; PCIe_Fundamental                      ;
; Family                ; Cyclone V                             ;
; Device                ; 5CGXFC9D6F27C7                        ;
+-----------------------+---------------------------------------+


+----------------------------------+
; Assembler Settings               ;
+--------+---------+---------------+
; Option ; Setting ; Default Value ;
+--------+---------+---------------+


+------------------------------------------------+
; Assembler Encrypted IP Cores Summary           ;
+--------+------------------------+--------------+
; Vendor ; IP Core Name           ; License Type ;
+--------+------------------------+--------------+
; Altera ; Signal Tap (6AF7 BCE1) ; Licensed     ;
; Altera ; Signal Tap (6AF7 BCEC) ; Licensed     ;
+--------+------------------------+--------------+


+------------------------------------------------------------------------------------------------------------+
; Assembler Generated Files                                                                                  ;
+------------------------------------------------------------------------------------------------------------+
; File Name                                                                                                  ;
+------------------------------------------------------------------------------------------------------------+
; /home/switch/Working/OvS-DPDK-Coding-Switch/fpga/ip/pcie/net_encoder_pci/output_files/PCIe_Fundamental.sof ;
+------------------------------------------------------------------------------------------------------------+


+------------------------------------------------+
; Assembler Device Options: PCIe_Fundamental.sof ;
+----------------+-------------------------------+
; Option         ; Setting                       ;
+----------------+-------------------------------+
; JTAG usercode  ; 0x087AA117                    ;
; Checksum       ; 0x087AA117                    ;
+----------------+-------------------------------+


+--------------------+
; Assembler Messages ;
+--------------------+
Info: *******************************************************************
Info: Running Quartus Prime Assembler
    Info: Version 18.1.0 Build 625 09/12/2018 SJ Lite Edition
    Info: Processing started: Wed Nov  6 23:45:20 2019
Info: Command: quartus_asm --read_settings_files=off --write_settings_files=off PCIe_Fundamental -c PCIe_Fundamental
Warning (15104): Quartus Prime software detected a bonding design. Reconfiguration is not supported for Bonded designs and MIF is not created for this design. File: /home/switch/Working/OvS-DPDK-Coding-Switch/fpga/ip/pcie/net_encoder_pci/q_sys/synthesis/submodules/av_tx_pma_ch.sv Line: 195
Warning (15104): Quartus Prime software detected a bonding design. Reconfiguration is not supported for Bonded designs and MIF is not created for this design. File: /home/switch/Working/OvS-DPDK-Coding-Switch/fpga/ip/pcie/net_encoder_pci/q_sys/synthesis/submodules/av_tx_pma_ch.sv Line: 195
Warning (15104): Quartus Prime software detected a bonding design. Reconfiguration is not supported for Bonded designs and MIF is not created for this design. File: /home/switch/Working/OvS-DPDK-Coding-Switch/fpga/ip/pcie/net_encoder_pci/q_sys/synthesis/submodules/av_tx_pma_ch.sv Line: 195
Warning (15104): Quartus Prime software detected a bonding design. Reconfiguration is not supported for Bonded designs and MIF is not created for this design. File: /home/switch/Working/OvS-DPDK-Coding-Switch/fpga/ip/pcie/net_encoder_pci/q_sys/synthesis/submodules/av_tx_pma_ch.sv Line: 195
Info (115030): Assembler is generating device programming files
Info: Quartus Prime Assembler was successful. 0 errors, 4 warnings
    Info: Peak virtual memory: 1346 megabytes
    Info: Processing ended: Wed Nov  6 23:46:07 2019
    Info: Elapsed time: 00:00:47
    Info: Total CPU time (on all processors): 00:00:37


