Analysis & Synthesis report for fifo32x128
Wed Aug 21 15:10:45 2019
Quartus Prime Version 18.1.0 Build 625 09/12/2018 SJ Lite Edition


---------------------
; Table of Contents ;
---------------------
  1. Legal Notice
  2. Analysis & Synthesis Summary
  3. Analysis & Synthesis Settings
  4. Parallel Compilation
  5. Analysis & Synthesis Source Files Read
  6. Analysis & Synthesis Resource Usage Summary
  7. Analysis & Synthesis Resource Utilization by Entity
  8. Analysis & Synthesis RAM Summary
  9. Analysis & Synthesis IP Cores Summary
 10. General Register Statistics
 11. Source assignments for scfifo:scfifo_component|scfifo_h491:auto_generated|a_dpfifo_oa91:dpfifo|altsyncram_0us1:FIFOram
 12. Parameter Settings for User Entity Instance: scfifo:scfifo_component
 13. scfifo Parameter Settings by Entity Instance
 14. Post-Synthesis Netlist Statistics for Top Partition
 15. Elapsed Time Per Partition
 16. Analysis & Synthesis Messages



----------------
; Legal Notice ;
----------------
Copyright (C) 2018  Intel Corporation. All rights reserved.
Your use of Intel Corporation's design tools, logic functions 
and other software and tools, and its AMPP partner logic 
functions, and any output files from any of the foregoing 
(including device programming or simulation files), and any 
associated documentation or information are expressly subject 
to the terms and conditions of the Intel Program License 
Subscription Agreement, the Intel Quartus Prime License Agreement,
the Intel FPGA IP License Agreement, or other applicable license
agreement, including, without limitation, that your use is for
the sole purpose of programming logic devices manufactured by
Intel and sold by Intel or its authorized distributors.  Please
refer to the applicable agreement for further details.



+-------------------------------------------------------------------------------+
; Analysis & Synthesis Summary                                                  ;
+---------------------------------+---------------------------------------------+
; Analysis & Synthesis Status     ; Successful - Wed Aug 21 15:10:45 2019       ;
; Quartus Prime Version           ; 18.1.0 Build 625 09/12/2018 SJ Lite Edition ;
; Revision Name                   ; fifo32x128                                  ;
; Top-level Entity Name           ; fifo32x128                                  ;
; Family                          ; Cyclone V                                   ;
; Logic utilization (in ALMs)     ; N/A                                         ;
; Total registers                 ; 23                                          ;
; Total pins                      ; 69                                          ;
; Total virtual pins              ; 0                                           ;
; Total block memory bits         ; 4,096                                       ;
; Total DSP Blocks                ; 0                                           ;
; Total HSSI RX PCSs              ; 0                                           ;
; Total HSSI PMA RX Deserializers ; 0                                           ;
; Total HSSI TX PCSs              ; 0                                           ;
; Total HSSI PMA TX Serializers   ; 0                                           ;
; Total PLLs                      ; 0                                           ;
; Total DLLs                      ; 0                                           ;
+---------------------------------+---------------------------------------------+


+---------------------------------------------------------------------------------------------------------------------------+
; Analysis & Synthesis Settings                                                                                             ;
+---------------------------------------------------------------------------------+--------------------+--------------------+
; Option                                                                          ; Setting            ; Default Value      ;
+---------------------------------------------------------------------------------+--------------------+--------------------+
; Device                                                                          ; 5CGXFC9D6F27C7     ;                    ;
; Top-level entity name                                                           ; fifo32x128         ; fifo32x128         ;
; Family name                                                                     ; Cyclone V          ; Cyclone V          ;
; Use smart compilation                                                           ; Off                ; Off                ;
; Enable parallel Assembler and Timing Analyzer during compilation                ; On                 ; On                 ;
; Enable compact report table                                                     ; Off                ; Off                ;
; Restructure Multiplexers                                                        ; Auto               ; Auto               ;
; MLAB Add Timing Constraints For Mixed-Port Feed-Through Mode Setting Don't Care ; Off                ; Off                ;
; Create Debugging Nodes for IP Cores                                             ; Off                ; Off                ;
; Preserve fewer node names                                                       ; On                 ; On                 ;
; Intel FPGA IP Evaluation Mode                                                   ; Enable             ; Enable             ;
; Verilog Version                                                                 ; Verilog_2001       ; Verilog_2001       ;
; VHDL Version                                                                    ; VHDL_1993          ; VHDL_1993          ;
; State Machine Processing                                                        ; Auto               ; Auto               ;
; Safe State Machine                                                              ; Off                ; Off                ;
; Extract Verilog State Machines                                                  ; On                 ; On                 ;
; Extract VHDL State Machines                                                     ; On                 ; On                 ;
; Ignore Verilog initial constructs                                               ; Off                ; Off                ;
; Iteration limit for constant Verilog loops                                      ; 5000               ; 5000               ;
; Iteration limit for non-constant Verilog loops                                  ; 250                ; 250                ;
; Add Pass-Through Logic to Inferred RAMs                                         ; On                 ; On                 ;
; Infer RAMs from Raw Logic                                                       ; On                 ; On                 ;
; Parallel Synthesis                                                              ; On                 ; On                 ;
; DSP Block Balancing                                                             ; Auto               ; Auto               ;
; NOT Gate Push-Back                                                              ; On                 ; On                 ;
; Power-Up Don't Care                                                             ; On                 ; On                 ;
; Remove Redundant Logic Cells                                                    ; Off                ; Off                ;
; Remove Duplicate Registers                                                      ; On                 ; On                 ;
; Ignore CARRY Buffers                                                            ; Off                ; Off                ;
; Ignore CASCADE Buffers                                                          ; Off                ; Off                ;
; Ignore GLOBAL Buffers                                                           ; Off                ; Off                ;
; Ignore ROW GLOBAL Buffers                                                       ; Off                ; Off                ;
; Ignore LCELL Buffers                                                            ; Off                ; Off                ;
; Ignore SOFT Buffers                                                             ; On                 ; On                 ;
; Limit AHDL Integers to 32 Bits                                                  ; Off                ; Off                ;
; Optimization Technique                                                          ; Balanced           ; Balanced           ;
; Carry Chain Length                                                              ; 70                 ; 70                 ;
; Auto Carry Chains                                                               ; On                 ; On                 ;
; Auto Open-Drain Pins                                                            ; On                 ; On                 ;
; Perform WYSIWYG Primitive Resynthesis                                           ; Off                ; Off                ;
; Auto ROM Replacement                                                            ; On                 ; On                 ;
; Auto RAM Replacement                                                            ; On                 ; On                 ;
; Auto DSP Block Replacement                                                      ; On                 ; On                 ;
; Auto Shift Register Replacement                                                 ; Auto               ; Auto               ;
; Allow Shift Register Merging across Hierarchies                                 ; Auto               ; Auto               ;
; Auto Clock Enable Replacement                                                   ; On                 ; On                 ;
; Strict RAM Replacement                                                          ; Off                ; Off                ;
; Allow Synchronous Control Signals                                               ; On                 ; On                 ;
; Force Use of Synchronous Clear Signals                                          ; Off                ; Off                ;
; Auto Resource Sharing                                                           ; Off                ; Off                ;
; Allow Any RAM Size For Recognition                                              ; Off                ; Off                ;
; Allow Any ROM Size For Recognition                                              ; Off                ; Off                ;
; Allow Any Shift Register Size For Recognition                                   ; Off                ; Off                ;
; Use LogicLock Constraints during Resource Balancing                             ; On                 ; On                 ;
; Ignore translate_off and synthesis_off directives                               ; Off                ; Off                ;
; Timing-Driven Synthesis                                                         ; On                 ; On                 ;
; Report Parameter Settings                                                       ; On                 ; On                 ;
; Report Source Assignments                                                       ; On                 ; On                 ;
; Report Connectivity Checks                                                      ; On                 ; On                 ;
; Ignore Maximum Fan-Out Assignments                                              ; Off                ; Off                ;
; Synchronization Register Chain Length                                           ; 3                  ; 3                  ;
; Power Optimization During Synthesis                                             ; Normal compilation ; Normal compilation ;
; HDL message level                                                               ; Level2             ; Level2             ;
; Suppress Register Optimization Related Messages                                 ; Off                ; Off                ;
; Number of Removed Registers Reported in Synthesis Report                        ; 5000               ; 5000               ;
; Number of Swept Nodes Reported in Synthesis Report                              ; 5000               ; 5000               ;
; Number of Inverted Registers Reported in Synthesis Report                       ; 100                ; 100                ;
; Clock MUX Protection                                                            ; On                 ; On                 ;
; Auto Gated Clock Conversion                                                     ; Off                ; Off                ;
; Block Design Naming                                                             ; Auto               ; Auto               ;
; SDC constraint protection                                                       ; Off                ; Off                ;
; Synthesis Effort                                                                ; Auto               ; Auto               ;
; Shift Register Replacement - Allow Asynchronous Clear Signal                    ; On                 ; On                 ;
; Pre-Mapping Resynthesis Optimization                                            ; Off                ; Off                ;
; Analysis & Synthesis Message Level                                              ; Medium             ; Medium             ;
; Disable Register Merging Across Hierarchies                                     ; Auto               ; Auto               ;
; Resource Aware Inference For Block RAM                                          ; On                 ; On                 ;
; Automatic Parallel Synthesis                                                    ; On                 ; On                 ;
; Partial Reconfiguration Bitstream ID                                            ; Off                ; Off                ;
+---------------------------------------------------------------------------------+--------------------+--------------------+


+------------------------------------------+
; Parallel Compilation                     ;
+----------------------------+-------------+
; Processors                 ; Number      ;
+----------------------------+-------------+
; Number detected on machine ; 4           ;
; Maximum allowed            ; 2           ;
;                            ;             ;
; Average used               ; 1.00        ;
; Maximum used               ; 2           ;
;                            ;             ;
; Usage by Processor         ; % Time Used ;
;     Processor 1            ; 100.0%      ;
;     Processor 2            ;   0.0%      ;
+----------------------------+-------------+


+--------------------------------------------------------------------------------------------------------------------------------------------------------------------------------------------------------------------+
; Analysis & Synthesis Source Files Read                                                                                                                                                                             ;
+----------------------------------+-----------------+------------------------------+----------------------------------------------------------------------------------------------------------------------+---------+
; File Name with User-Entered Path ; Used in Netlist ; File Type                    ; File Name with Absolute Path                                                                                         ; Library ;
+----------------------------------+-----------------+------------------------------+----------------------------------------------------------------------------------------------------------------------+---------+
; fifo32x128.vhd                   ; yes             ; User Wizard-Generated File   ; /home/daniel/Dropbox/Academics/MEng/Working/OvS-DPDK-Coding-Switch/fpga/ip/encoder/fifo32x128/fifo32x128.vhd         ;         ;
; scfifo.tdf                       ; yes             ; Megafunction                 ; /home/daniel/intelFPGA_lite/18.1/quartus/libraries/megafunctions/scfifo.tdf                                          ;         ;
; a_regfifo.inc                    ; yes             ; Megafunction                 ; /home/daniel/intelFPGA_lite/18.1/quartus/libraries/megafunctions/a_regfifo.inc                                       ;         ;
; a_dpfifo.inc                     ; yes             ; Megafunction                 ; /home/daniel/intelFPGA_lite/18.1/quartus/libraries/megafunctions/a_dpfifo.inc                                        ;         ;
; a_i2fifo.inc                     ; yes             ; Megafunction                 ; /home/daniel/intelFPGA_lite/18.1/quartus/libraries/megafunctions/a_i2fifo.inc                                        ;         ;
; a_fffifo.inc                     ; yes             ; Megafunction                 ; /home/daniel/intelFPGA_lite/18.1/quartus/libraries/megafunctions/a_fffifo.inc                                        ;         ;
; a_f2fifo.inc                     ; yes             ; Megafunction                 ; /home/daniel/intelFPGA_lite/18.1/quartus/libraries/megafunctions/a_f2fifo.inc                                        ;         ;
; aglobal181.inc                   ; yes             ; Megafunction                 ; /home/daniel/intelFPGA_lite/18.1/quartus/libraries/megafunctions/aglobal181.inc                                      ;         ;
; db/scfifo_h491.tdf               ; yes             ; Auto-Generated Megafunction  ; /home/daniel/Dropbox/Academics/MEng/Working/OvS-DPDK-Coding-Switch/fpga/ip/encoder/fifo32x128/db/scfifo_h491.tdf     ;         ;
; db/a_dpfifo_oa91.tdf             ; yes             ; Auto-Generated Megafunction  ; /home/daniel/Dropbox/Academics/MEng/Working/OvS-DPDK-Coding-Switch/fpga/ip/encoder/fifo32x128/db/a_dpfifo_oa91.tdf   ;         ;
; db/a_fefifo_u7e.tdf              ; yes             ; Auto-Generated Megafunction  ; /home/daniel/Dropbox/Academics/MEng/Working/OvS-DPDK-Coding-Switch/fpga/ip/encoder/fifo32x128/db/a_fefifo_u7e.tdf    ;         ;
; db/cntr_0h7.tdf                  ; yes             ; Auto-Generated Megafunction  ; /home/daniel/Dropbox/Academics/MEng/Working/OvS-DPDK-Coding-Switch/fpga/ip/encoder/fifo32x128/db/cntr_0h7.tdf        ;         ;
; db/altsyncram_0us1.tdf           ; yes             ; Auto-Generated Megafunction  ; /home/daniel/Dropbox/Academics/MEng/Working/OvS-DPDK-Coding-Switch/fpga/ip/encoder/fifo32x128/db/altsyncram_0us1.tdf ;         ;
; db/cntr_kgb.tdf                  ; yes             ; Auto-Generated Megafunction  ; /home/daniel/Dropbox/Academics/MEng/Working/OvS-DPDK-Coding-Switch/fpga/ip/encoder/fifo32x128/db/cntr_kgb.tdf        ;         ;
+----------------------------------+-----------------+------------------------------+----------------------------------------------------------------------------------------------------------------------+---------+


+-----------------------------------------------------------+
; Analysis & Synthesis Resource Usage Summary               ;
+---------------------------------------------+-------------+
; Resource                                    ; Usage       ;
+---------------------------------------------+-------------+
; Estimate of Logic utilization (ALMs needed) ; 16          ;
;                                             ;             ;
; Combinational ALUT usage for logic          ; 29          ;
;     -- 7 input functions                    ; 0           ;
;     -- 6 input functions                    ; 2           ;
;     -- 5 input functions                    ; 2           ;
;     -- 4 input functions                    ; 2           ;
;     -- <=3 input functions                  ; 23          ;
;                                             ;             ;
; Dedicated logic registers                   ; 23          ;
;                                             ;             ;
; I/O pins                                    ; 69          ;
; Total MLAB memory bits                      ; 0           ;
; Total block memory bits                     ; 4096        ;
;                                             ;             ;
; Total DSP Blocks                            ; 0           ;
;                                             ;             ;
; Maximum fan-out node                        ; clock~input ;
; Maximum fan-out                             ; 55          ;
; Total fan-out                               ; 825         ;
; Average fan-out                             ; 3.72        ;
+---------------------------------------------+-------------+


+--------------------------------------------------------------------------------------------------------------------------------------------------------------------------------------------------------------------------------------------------------------------------------------------------------------------+
; Analysis & Synthesis Resource Utilization by Entity                                                                                                                                                                                                                                                                ;
+---------------------------------------+---------------------+---------------------------+-------------------+------------+------+--------------+----------------------------------------------------------------------------------------------------------------------------------+-----------------+--------------+
; Compilation Hierarchy Node            ; Combinational ALUTs ; Dedicated Logic Registers ; Block Memory Bits ; DSP Blocks ; Pins ; Virtual Pins ; Full Hierarchy Name                                                                                                              ; Entity Name     ; Library Name ;
+---------------------------------------+---------------------+---------------------------+-------------------+------------+------+--------------+----------------------------------------------------------------------------------------------------------------------------------+-----------------+--------------+
; |fifo32x128                           ; 29 (0)              ; 23 (0)                    ; 4096              ; 0          ; 69   ; 0            ; |fifo32x128                                                                                                                      ; fifo32x128      ; work         ;
;    |scfifo:scfifo_component|          ; 29 (0)              ; 23 (0)                    ; 4096              ; 0          ; 0    ; 0            ; |fifo32x128|scfifo:scfifo_component                                                                                              ; scfifo          ; work         ;
;       |scfifo_h491:auto_generated|    ; 29 (0)              ; 23 (0)                    ; 4096              ; 0          ; 0    ; 0            ; |fifo32x128|scfifo:scfifo_component|scfifo_h491:auto_generated                                                                   ; scfifo_h491     ; work         ;
;          |a_dpfifo_oa91:dpfifo|       ; 29 (2)              ; 23 (0)                    ; 4096              ; 0          ; 0    ; 0            ; |fifo32x128|scfifo:scfifo_component|scfifo_h491:auto_generated|a_dpfifo_oa91:dpfifo                                              ; a_dpfifo_oa91   ; work         ;
;             |a_fefifo_u7e:fifo_state| ; 13 (6)              ; 9 (2)                     ; 0                 ; 0          ; 0    ; 0            ; |fifo32x128|scfifo:scfifo_component|scfifo_h491:auto_generated|a_dpfifo_oa91:dpfifo|a_fefifo_u7e:fifo_state                      ; a_fefifo_u7e    ; work         ;
;                |cntr_0h7:count_usedw| ; 7 (7)               ; 7 (7)                     ; 0                 ; 0          ; 0    ; 0            ; |fifo32x128|scfifo:scfifo_component|scfifo_h491:auto_generated|a_dpfifo_oa91:dpfifo|a_fefifo_u7e:fifo_state|cntr_0h7:count_usedw ; cntr_0h7        ; work         ;
;             |altsyncram_0us1:FIFOram| ; 0 (0)               ; 0 (0)                     ; 4096              ; 0          ; 0    ; 0            ; |fifo32x128|scfifo:scfifo_component|scfifo_h491:auto_generated|a_dpfifo_oa91:dpfifo|altsyncram_0us1:FIFOram                      ; altsyncram_0us1 ; work         ;
;             |cntr_kgb:rd_ptr_count|   ; 7 (7)               ; 7 (7)                     ; 0                 ; 0          ; 0    ; 0            ; |fifo32x128|scfifo:scfifo_component|scfifo_h491:auto_generated|a_dpfifo_oa91:dpfifo|cntr_kgb:rd_ptr_count                        ; cntr_kgb        ; work         ;
;             |cntr_kgb:wr_ptr|         ; 7 (7)               ; 7 (7)                     ; 0                 ; 0          ; 0    ; 0            ; |fifo32x128|scfifo:scfifo_component|scfifo_h491:auto_generated|a_dpfifo_oa91:dpfifo|cntr_kgb:wr_ptr                              ; cntr_kgb        ; work         ;
+---------------------------------------+---------------------+---------------------------+-------------------+------------+------+--------------+----------------------------------------------------------------------------------------------------------------------------------+-----------------+--------------+
Note: For table entries with two numbers listed, the numbers in parentheses indicate the number of resources of the given type used by the specific entity alone. The numbers listed outside of parentheses indicate the total resources of the given type used by the specific entity and all of its sub-entities in the hierarchy.


+----------------------------------------------------------------------------------------------------------------------------------------------------------------------------------------------------------------+
; Analysis & Synthesis RAM Summary                                                                                                                                                                               ;
+------------------------------------------------------------------------------------------------------------+------+------------------+--------------+--------------+--------------+--------------+------+------+
; Name                                                                                                       ; Type ; Mode             ; Port A Depth ; Port A Width ; Port B Depth ; Port B Width ; Size ; MIF  ;
+------------------------------------------------------------------------------------------------------------+------+------------------+--------------+--------------+--------------+--------------+------+------+
; scfifo:scfifo_component|scfifo_h491:auto_generated|a_dpfifo_oa91:dpfifo|altsyncram_0us1:FIFOram|ALTSYNCRAM ; AUTO ; Simple Dual Port ; 128          ; 32           ; 128          ; 32           ; 4096 ; None ;
+------------------------------------------------------------------------------------------------------------+------+------------------+--------------+--------------+--------------+--------------+------+------+


+---------------------------------------------------------------------------------------------------+
; Analysis & Synthesis IP Cores Summary                                                             ;
+--------+--------------+---------+--------------+--------------+-----------------+-----------------+
; Vendor ; IP Core Name ; Version ; Release Date ; License Type ; Entity Instance ; IP Include File ;
+--------+--------------+---------+--------------+--------------+-----------------+-----------------+
; Altera ; FIFO         ; 18.1    ; N/A          ; N/A          ; |fifo32x128     ; fifo32x128.vhd  ;
+--------+--------------+---------+--------------+--------------+-----------------+-----------------+


+------------------------------------------------------+
; General Register Statistics                          ;
+----------------------------------------------+-------+
; Statistic                                    ; Value ;
+----------------------------------------------+-------+
; Total registers                              ; 23    ;
; Number of registers using Synchronous Clear  ; 0     ;
; Number of registers using Synchronous Load   ; 0     ;
; Number of registers using Asynchronous Clear ; 0     ;
; Number of registers using Asynchronous Load  ; 0     ;
; Number of registers using Clock Enable       ; 21    ;
; Number of registers using Preset             ; 0     ;
+----------------------------------------------+-------+


+------------------------------------------------------------------------------------------------------------------------+
; Source assignments for scfifo:scfifo_component|scfifo_h491:auto_generated|a_dpfifo_oa91:dpfifo|altsyncram_0us1:FIFOram ;
+---------------------------------+--------------------+------+----------------------------------------------------------+
; Assignment                      ; Value              ; From ; To                                                       ;
+---------------------------------+--------------------+------+----------------------------------------------------------+
; OPTIMIZE_POWER_DURING_SYNTHESIS ; NORMAL_COMPILATION ; -    ; -                                                        ;
+---------------------------------+--------------------+------+----------------------------------------------------------+


+----------------------------------------------------------------------+
; Parameter Settings for User Entity Instance: scfifo:scfifo_component ;
+-------------------------+-------------+------------------------------+
; Parameter Name          ; Value       ; Type                         ;
+-------------------------+-------------+------------------------------+
; AUTO_CARRY_CHAINS       ; ON          ; AUTO_CARRY                   ;
; IGNORE_CARRY_BUFFERS    ; OFF         ; IGNORE_CARRY                 ;
; AUTO_CASCADE_CHAINS     ; ON          ; AUTO_CASCADE                 ;
; IGNORE_CASCADE_BUFFERS  ; OFF         ; IGNORE_CASCADE               ;
; lpm_width               ; 32          ; Signed Integer               ;
; LPM_NUMWORDS            ; 128         ; Signed Integer               ;
; LPM_WIDTHU              ; 7           ; Signed Integer               ;
; LPM_SHOWAHEAD           ; OFF         ; Untyped                      ;
; UNDERFLOW_CHECKING      ; ON          ; Untyped                      ;
; OVERFLOW_CHECKING       ; ON          ; Untyped                      ;
; ALLOW_RWCYCLE_WHEN_FULL ; OFF         ; Untyped                      ;
; ADD_RAM_OUTPUT_REGISTER ; OFF         ; Untyped                      ;
; ALMOST_FULL_VALUE       ; 0           ; Untyped                      ;
; ALMOST_EMPTY_VALUE      ; 0           ; Untyped                      ;
; ENABLE_ECC              ; FALSE       ; Untyped                      ;
; USE_EAB                 ; ON          ; Untyped                      ;
; MAXIMIZE_SPEED          ; 5           ; Untyped                      ;
; DEVICE_FAMILY           ; Cyclone V   ; Untyped                      ;
; OPTIMIZE_FOR_SPEED      ; 5           ; Untyped                      ;
; CBXI_PARAMETER          ; scfifo_h491 ; Untyped                      ;
+-------------------------+-------------+------------------------------+
Note: In order to hide this table in the UI and the text report file, please set the "Show Parameter Settings in Synthesis Report" option in "Analysis and Synthesis Settings -> More Settings" to "Off".


+------------------------------------------------------+
; scfifo Parameter Settings by Entity Instance         ;
+----------------------------+-------------------------+
; Name                       ; Value                   ;
+----------------------------+-------------------------+
; Number of entity instances ; 1                       ;
; Entity Instance            ; scfifo:scfifo_component ;
;     -- FIFO Type           ; Single Clock            ;
;     -- lpm_width           ; 32                      ;
;     -- LPM_NUMWORDS        ; 128                     ;
;     -- LPM_SHOWAHEAD       ; OFF                     ;
;     -- USE_EAB             ; ON                      ;
+----------------------------+-------------------------+


+-----------------------------------------------------+
; Post-Synthesis Netlist Statistics for Top Partition ;
+-----------------------+-----------------------------+
; Type                  ; Count                       ;
+-----------------------+-----------------------------+
; arriav_ff             ; 23                          ;
;     ENA               ; 21                          ;
;     plain             ; 2                           ;
; arriav_lcell_comb     ; 30                          ;
;     arith             ; 21                          ;
;         1 data inputs ; 15                          ;
;         2 data inputs ; 6                           ;
;     normal            ; 9                           ;
;         1 data inputs ; 1                           ;
;         2 data inputs ; 2                           ;
;         4 data inputs ; 2                           ;
;         5 data inputs ; 2                           ;
;         6 data inputs ; 2                           ;
; boundary_port         ; 69                          ;
; stratixv_ram_block    ; 32                          ;
;                       ;                             ;
; Max LUT depth         ; 2.50                        ;
; Average LUT depth     ; 0.89                        ;
+-----------------------+-----------------------------+


+-------------------------------+
; Elapsed Time Per Partition    ;
+----------------+--------------+
; Partition Name ; Elapsed Time ;
+----------------+--------------+
; Top            ; 00:00:01     ;
+----------------+--------------+


+-------------------------------+
; Analysis & Synthesis Messages ;
+-------------------------------+
Info: *******************************************************************
Info: Running Quartus Prime Analysis & Synthesis
    Info: Version 18.1.0 Build 625 09/12/2018 SJ Lite Edition
    Info: Processing started: Wed Aug 21 15:10:11 2019
Info: Command: quartus_map --read_settings_files=on --write_settings_files=off fifo32x128 -c fifo32x128
Warning (18236): Number of processors has not been specified which may cause overloading on shared machines.  Set the global assignment NUM_PARALLEL_PROCESSORS in your QSF to an appropriate value for best performance.
Info (20030): Parallel compilation is enabled and will use 2 of the 2 processors detected
Info (12021): Found 2 design units, including 1 entities, in source file fifo32x128.vhd
    Info (12022): Found design unit 1: fifo32x128-SYN File: /home/daniel/Dropbox/Academics/MEng/Working/OvS-DPDK-Coding-Switch/fpga/ip/encoder/fifo32x128/fifo32x128.vhd Line: 56
    Info (12023): Found entity 1: fifo32x128 File: /home/daniel/Dropbox/Academics/MEng/Working/OvS-DPDK-Coding-Switch/fpga/ip/encoder/fifo32x128/fifo32x128.vhd Line: 42
Info (12127): Elaborating entity "fifo32x128" for the top level hierarchy
Info (12128): Elaborating entity "scfifo" for hierarchy "scfifo:scfifo_component" File: /home/daniel/Dropbox/Academics/MEng/Working/OvS-DPDK-Coding-Switch/fpga/ip/encoder/fifo32x128/fifo32x128.vhd Line: 93
Info (12130): Elaborated megafunction instantiation "scfifo:scfifo_component" File: /home/daniel/Dropbox/Academics/MEng/Working/OvS-DPDK-Coding-Switch/fpga/ip/encoder/fifo32x128/fifo32x128.vhd Line: 93
Info (12133): Instantiated megafunction "scfifo:scfifo_component" with the following parameter: File: /home/daniel/Dropbox/Academics/MEng/Working/OvS-DPDK-Coding-Switch/fpga/ip/encoder/fifo32x128/fifo32x128.vhd Line: 93
    Info (12134): Parameter "add_ram_output_register" = "OFF"
    Info (12134): Parameter "intended_device_family" = "Cyclone V"
    Info (12134): Parameter "lpm_numwords" = "128"
    Info (12134): Parameter "lpm_showahead" = "OFF"
    Info (12134): Parameter "lpm_type" = "scfifo"
    Info (12134): Parameter "lpm_width" = "32"
    Info (12134): Parameter "lpm_widthu" = "7"
    Info (12134): Parameter "overflow_checking" = "ON"
    Info (12134): Parameter "underflow_checking" = "ON"
    Info (12134): Parameter "use_eab" = "ON"
Info (12021): Found 1 design units, including 1 entities, in source file db/scfifo_h491.tdf
    Info (12023): Found entity 1: scfifo_h491 File: /home/daniel/Dropbox/Academics/MEng/Working/OvS-DPDK-Coding-Switch/fpga/ip/encoder/fifo32x128/db/scfifo_h491.tdf Line: 24
Info (12128): Elaborating entity "scfifo_h491" for hierarchy "scfifo:scfifo_component|scfifo_h491:auto_generated" File: /home/daniel/intelFPGA_lite/18.1/quartus/libraries/megafunctions/scfifo.tdf Line: 299
Info (12021): Found 1 design units, including 1 entities, in source file db/a_dpfifo_oa91.tdf
    Info (12023): Found entity 1: a_dpfifo_oa91 File: /home/daniel/Dropbox/Academics/MEng/Working/OvS-DPDK-Coding-Switch/fpga/ip/encoder/fifo32x128/db/a_dpfifo_oa91.tdf Line: 28
Info (12128): Elaborating entity "a_dpfifo_oa91" for hierarchy "scfifo:scfifo_component|scfifo_h491:auto_generated|a_dpfifo_oa91:dpfifo" File: /home/daniel/Dropbox/Academics/MEng/Working/OvS-DPDK-Coding-Switch/fpga/ip/encoder/fifo32x128/db/scfifo_h491.tdf Line: 35
Info (12021): Found 1 design units, including 1 entities, in source file db/a_fefifo_u7e.tdf
    Info (12023): Found entity 1: a_fefifo_u7e File: /home/daniel/Dropbox/Academics/MEng/Working/OvS-DPDK-Coding-Switch/fpga/ip/encoder/fifo32x128/db/a_fefifo_u7e.tdf Line: 24
Info (12128): Elaborating entity "a_fefifo_u7e" for hierarchy "scfifo:scfifo_component|scfifo_h491:auto_generated|a_dpfifo_oa91:dpfifo|a_fefifo_u7e:fifo_state" File: /home/daniel/Dropbox/Academics/MEng/Working/OvS-DPDK-Coding-Switch/fpga/ip/encoder/fifo32x128/db/a_dpfifo_oa91.tdf Line: 40
Info (12021): Found 1 design units, including 1 entities, in source file db/cntr_0h7.tdf
    Info (12023): Found entity 1: cntr_0h7 File: /home/daniel/Dropbox/Academics/MEng/Working/OvS-DPDK-Coding-Switch/fpga/ip/encoder/fifo32x128/db/cntr_0h7.tdf Line: 25
Info (12128): Elaborating entity "cntr_0h7" for hierarchy "scfifo:scfifo_component|scfifo_h491:auto_generated|a_dpfifo_oa91:dpfifo|a_fefifo_u7e:fifo_state|cntr_0h7:count_usedw" File: /home/daniel/Dropbox/Academics/MEng/Working/OvS-DPDK-Coding-Switch/fpga/ip/encoder/fifo32x128/db/a_fefifo_u7e.tdf Line: 37
Info (12021): Found 1 design units, including 1 entities, in source file db/altsyncram_0us1.tdf
    Info (12023): Found entity 1: altsyncram_0us1 File: /home/daniel/Dropbox/Academics/MEng/Working/OvS-DPDK-Coding-Switch/fpga/ip/encoder/fifo32x128/db/altsyncram_0us1.tdf Line: 27
Info (12128): Elaborating entity "altsyncram_0us1" for hierarchy "scfifo:scfifo_component|scfifo_h491:auto_generated|a_dpfifo_oa91:dpfifo|altsyncram_0us1:FIFOram" File: /home/daniel/Dropbox/Academics/MEng/Working/OvS-DPDK-Coding-Switch/fpga/ip/encoder/fifo32x128/db/a_dpfifo_oa91.tdf Line: 41
Info (12021): Found 1 design units, including 1 entities, in source file db/cntr_kgb.tdf
    Info (12023): Found entity 1: cntr_kgb File: /home/daniel/Dropbox/Academics/MEng/Working/OvS-DPDK-Coding-Switch/fpga/ip/encoder/fifo32x128/db/cntr_kgb.tdf Line: 25
Info (12128): Elaborating entity "cntr_kgb" for hierarchy "scfifo:scfifo_component|scfifo_h491:auto_generated|a_dpfifo_oa91:dpfifo|cntr_kgb:rd_ptr_count" File: /home/daniel/Dropbox/Academics/MEng/Working/OvS-DPDK-Coding-Switch/fpga/ip/encoder/fifo32x128/db/a_dpfifo_oa91.tdf Line: 42
Info (286030): Timing-Driven Synthesis is running
Info (16010): Generating hard_block partition "hard_block:auto_generated_inst"
    Info (16011): Adding 0 node(s), including 0 DDIO, 0 PLL, 0 transceiver and 0 LCELL
Info (21057): Implemented 130 device resources after synthesis - the final resource count might be different
    Info (21058): Implemented 35 input pins
    Info (21059): Implemented 34 output pins
    Info (21061): Implemented 29 logic cells
    Info (21064): Implemented 32 RAM segments
Info: Quartus Prime Analysis & Synthesis was successful. 0 errors, 1 warning
    Info: Peak virtual memory: 1065 megabytes
    Info: Processing ended: Wed Aug 21 15:10:45 2019
    Info: Elapsed time: 00:00:34
    Info: Total CPU time (on all processors): 00:01:03


