Flow report for PCIe_Fundamental
Thu Aug 15 17:23:23 2019
Quartus Prime Version 18.1.0 Build 625 09/12/2018 SJ Lite Edition


---------------------
; Table of Contents ;
---------------------
  1. Legal Notice
  2. Flow Summary
  3. Flow Settings
  4. Flow Non-Default Global Settings
  5. Flow Elapsed Time
  6. Flow OS Summary
  7. Flow Log
  8. Flow Messages
  9. Flow Suppressed Messages



----------------
; Legal Notice ;
----------------
Copyright (C) 2018  Intel Corporation. All rights reserved.
Your use of Intel Corporation's design tools, logic functions 
and other software and tools, and its AMPP partner logic 
functions, and any output files from any of the foregoing 
(including device programming or simulation files), and any 
associated documentation or information are expressly subject 
to the terms and conditions of the Intel Program License 
Subscription Agreement, the Intel Quartus Prime License Agreement,
the Intel FPGA IP License Agreement, or other applicable license
agreement, including, without limitation, that your use is for
the sole purpose of programming logic devices manufactured by
Intel and sold by Intel or its authorized distributors.  Please
refer to the applicable agreement for further details.



+-------------------------------------------------------------------------------+
; Flow Summary                                                                  ;
+---------------------------------+---------------------------------------------+
; Flow Status                     ; Successful - Thu Aug 15 17:21:57 2019       ;
; Quartus Prime Version           ; 18.1.0 Build 625 09/12/2018 SJ Lite Edition ;
; Revision Name                   ; PCIe_Fundamental                            ;
; Top-level Entity Name           ; PCIe_Fundamental                            ;
; Family                          ; Cyclone V                                   ;
; Device                          ; 5CGXFC9D6F27C7                              ;
; Timing Models                   ; Final                                       ;
; Logic utilization (in ALMs)     ; 6,091 / 113,560 ( 5 % )                     ;
; Total registers                 ; 11183                                       ;
; Total pins                      ; 123 / 378 ( 33 % )                          ;
; Total virtual pins              ; 0                                           ;
; Total block memory bits         ; 4,327,184 / 12,492,800 ( 35 % )             ;
; Total DSP Blocks                ; 0 / 342 ( 0 % )                             ;
; Total HSSI RX PCSs              ; 4 / 9 ( 44 % )                              ;
; Total HSSI PMA RX Deserializers ; 4 / 9 ( 44 % )                              ;
; Total HSSI TX PCSs              ; 4 / 9 ( 44 % )                              ;
; Total HSSI PMA TX Serializers   ; 4 / 9 ( 44 % )                              ;
; Total PLLs                      ; 5 / 17 ( 29 % )                             ;
; Total DLLs                      ; 0 / 4 ( 0 % )                               ;
+---------------------------------+---------------------------------------------+


+-----------------------------------------+
; Flow Settings                           ;
+-------------------+---------------------+
; Option            ; Setting             ;
+-------------------+---------------------+
; Start date & time ; 08/15/2019 17:09:29 ;
; Main task         ; Compilation         ;
; Revision Name     ; PCIe_Fundamental    ;
+-------------------+---------------------+


+-----------------------------------------------------------------------------------------------------------------------------------------------------------------+
; Flow Non-Default Global Settings                                                                                                                                ;
+-------------------------------------+---------------------------------------------------------+--------------------------------------+-------------+------------+
; Assignment Name                     ; Value                                                   ; Default Value                        ; Entity Name ; Section Id ;
+-------------------------------------+---------------------------------------------------------+--------------------------------------+-------------+------------+
; COMPILER_SIGNATURE_ID               ; 220295150969555.156588176913839                         ; --                                   ; --          ; --         ;
; MAX_CORE_JUNCTION_TEMP              ; 85                                                      ; --                                   ; --          ; --         ;
; MIN_CORE_JUNCTION_TEMP              ; 0                                                       ; --                                   ; --          ; --         ;
; MISC_FILE                           ; q_sys/synthesis/../q_sys.cmp                            ; --                                   ; --          ; --         ;
; MISC_FILE                           ; q_sys/synthesis/../../q_sys.qsys                        ; --                                   ; --          ; --         ;
; PARTITION_COLOR                     ; -- (Not supported for targeted family)                  ; --                                   ; --          ; Top        ;
; PARTITION_FITTER_PRESERVATION_LEVEL ; -- (Not supported for targeted family)                  ; --                                   ; --          ; Top        ;
; PARTITION_NETLIST_TYPE              ; -- (Not supported for targeted family)                  ; --                                   ; --          ; Top        ;
; POWER_BOARD_THERMAL_MODEL           ; None (CONSERVATIVE)                                     ; --                                   ; --          ; --         ;
; POWER_PRESET_COOLING_SOLUTION       ; 23 MM HEAT SINK WITH 200 LFPM AIRFLOW                   ; --                                   ; --          ; --         ;
; PROJECT_IP_REGENERATION_POLICY      ; ALWAYS_REGENERATE_IP                                    ; SKIP_REGENERATING_IP_IF_HDL_MODIFIED ; --          ; --         ;
; PROJECT_OUTPUT_DIRECTORY            ; output_files                                            ; --                                   ; --          ; --         ;
; SLD_FILE                            ; q_sys/synthesis/q_sys.regmap                            ; --                                   ; --          ; --         ;
; SLD_FILE                            ; q_sys/synthesis/q_sys.debuginfo                         ; --                                   ; --          ; --         ;
; SLD_INFO                            ; QSYS_NAME q_sys HAS_SOPCINFO 1 GENERATION_ID 1565881631 ; --                                   ; q_sys       ; --         ;
; SOPCINFO_FILE                       ; q_sys/synthesis/../../q_sys.sopcinfo                    ; --                                   ; --          ; --         ;
; SYNTHESIS_ONLY_QIP                  ; On                                                      ; --                                   ; --          ; --         ;
+-------------------------------------+---------------------------------------------------------+--------------------------------------+-------------+------------+


+--------------------------------------------------------------------------------------------------------------------------+
; Flow Elapsed Time                                                                                                        ;
+----------------------+--------------+-------------------------+---------------------+------------------------------------+
; Module Name          ; Elapsed Time ; Average Processors Used ; Peak Virtual Memory ; Total CPU Time (on all processors) ;
+----------------------+--------------+-------------------------+---------------------+------------------------------------+
; Analysis & Synthesis ; 00:02:48     ; 1.1                     ; 1687 MB             ; 00:03:45                           ;
; Fitter               ; 00:08:53     ; 1.2                     ; 3646 MB             ; 00:15:30                           ;
; Assembler            ; 00:00:28     ; 1.0                     ; 1162 MB             ; 00:00:27                           ;
; Timing Analyzer      ; 00:01:25     ; 1.6                     ; 1986 MB             ; 00:02:14                           ;
; Total                ; 00:13:34     ; --                      ; --                  ; 00:21:56                           ;
+----------------------+--------------+-------------------------+---------------------+------------------------------------+


+------------------------------------------------------------------------------------------+
; Flow OS Summary                                                                          ;
+----------------------+------------------+---------------+---------------+----------------+
; Module Name          ; Machine Hostname ; OS Name       ; OS Version    ; Processor type ;
+----------------------+------------------+---------------+---------------+----------------+
; Analysis & Synthesis ; daniel-t460s     ; Manjaro Linux ; Manjaro Linux ; x86_64         ;
; Fitter               ; daniel-t460s     ; Manjaro Linux ; Manjaro Linux ; x86_64         ;
; Assembler            ; daniel-t460s     ; Manjaro Linux ; Manjaro Linux ; x86_64         ;
; Timing Analyzer      ; daniel-t460s     ; Manjaro Linux ; Manjaro Linux ; x86_64         ;
+----------------------+------------------+---------------+---------------+----------------+


------------
; Flow Log ;
------------
quartus_map --read_settings_files=on --write_settings_files=off PCIe_Fundamental -c PCIe_Fundamental
quartus_fit --read_settings_files=off --write_settings_files=off PCIe_Fundamental -c PCIe_Fundamental
quartus_asm --read_settings_files=off --write_settings_files=off PCIe_Fundamental -c PCIe_Fundamental
quartus_sta PCIe_Fundamental -c PCIe_Fundamental



