Flow report for pcie
Wed Jun 19 16:59:30 2019
Quartus Prime Version 18.1.0 Build 625 09/12/2018 SJ Lite Edition


---------------------
; Table of Contents ;
---------------------
  1. Legal Notice
  2. Flow Summary
  3. Flow Settings
  4. Flow Non-Default Global Settings
  5. Flow Elapsed Time
  6. Flow OS Summary
  7. Flow Log
  8. Flow Messages
  9. Flow Suppressed Messages



----------------
; Legal Notice ;
----------------
Copyright (C) 2018  Intel Corporation. All rights reserved.
Your use of Intel Corporation's design tools, logic functions 
and other software and tools, and its AMPP partner logic 
functions, and any output files from any of the foregoing 
(including device programming or simulation files), and any 
associated documentation or information are expressly subject 
to the terms and conditions of the Intel Program License 
Subscription Agreement, the Intel Quartus Prime License Agreement,
the Intel FPGA IP License Agreement, or other applicable license
agreement, including, without limitation, that your use is for
the sole purpose of programming logic devices manufactured by
Intel and sold by Intel or its authorized distributors.  Please
refer to the applicable agreement for further details.



+---------------------------------------------------------------------------+
; Flow Summary                                                              ;
+-----------------------------+---------------------------------------------+
; Flow Status                 ; Flow Failed - Wed Jun 19 16:59:30 2019      ;
; Quartus Prime Version       ; 18.1.0 Build 625 09/12/2018 SJ Lite Edition ;
; Revision Name               ; pcie                                        ;
; Top-level Entity Name       ; pcie                                        ;
; Family                      ; Cyclone V                                   ;
; Device                      ; 5CGXFC9D6F27C7                              ;
; Timing Models               ; Final                                       ;
; Logic utilization (in ALMs) ; N/A until Partition Merge                   ;
; Total registers             ; N/A until Partition Merge                   ;
; Total pins                  ; N/A until Partition Merge                   ;
; Total virtual pins          ; N/A until Partition Merge                   ;
; Total block memory bits     ; N/A until Partition Merge                   ;
; Total PLLs                  ; N/A until Partition Merge                   ;
; Total DLLs                  ; N/A until Partition Merge                   ;
+-----------------------------+---------------------------------------------+


+-----------------------------------------+
; Flow Settings                           ;
+-------------------+---------------------+
; Option            ; Setting             ;
+-------------------+---------------------+
; Start date & time ; 06/19/2019 16:59:07 ;
; Main task         ; Compilation         ;
; Revision Name     ; pcie                ;
+-------------------+---------------------+


+---------------------------------------------------------------------------------------------------------------------------------------------------------------------+
; Flow Non-Default Global Settings                                                                                                                                    ;
+-------------------------------------+--------------------------------------------------------------------------------+---------------+-------------+----------------+
; Assignment Name                     ; Value                                                                          ; Default Value ; Entity Name ; Section Id     ;
+-------------------------------------+--------------------------------------------------------------------------------+---------------+-------------+----------------+
; COMPILER_SIGNATURE_ID               ; 220295150969555.156095634631596                                                ; --            ; --          ; --             ;
; EDA_OUTPUT_DATA_FORMAT              ; Vhdl                                                                           ; --            ; --          ; eda_simulation ;
; EDA_SIMULATION_TOOL                 ; ModelSim-Altera (VHDL)                                                         ; <None>        ; --          ; --             ;
; EDA_TIME_SCALE                      ; 1 ps                                                                           ; --            ; --          ; eda_simulation ;
; MAX_CORE_JUNCTION_TEMP              ; 85                                                                             ; --            ; --          ; --             ;
; MIN_CORE_JUNCTION_TEMP              ; 0                                                                              ; --            ; --          ; --             ;
; MISC_FILE                           ; pcie.cmp                                                                       ; --            ; --          ; --             ;
; MISC_FILE                           ; pcie_sim/pcie.vhd                                                              ; --            ; --          ; --             ;
; MISC_FILE                           ; pcie_sim/altera_pcie_cv_hip_ast/altpcie_cv_hip_ast_hwtcl.v                     ; --            ; --          ; --             ;
; MISC_FILE                           ; pcie_sim/altera_pcie_cv_hip_ast/altpcie_rs_serdes.v                            ; --            ; --          ; --             ;
; MISC_FILE                           ; pcie_sim/altera_pcie_cv_hip_ast/mentor/altpcie_rs_serdes.v                     ; --            ; --          ; --             ;
; MISC_FILE                           ; pcie_sim/altera_pcie_cv_hip_ast/altpcie_rs_hip.v                               ; --            ; --          ; --             ;
; MISC_FILE                           ; pcie_sim/altera_pcie_cv_hip_ast/mentor/altpcie_rs_hip.v                        ; --            ; --          ; --             ;
; MISC_FILE                           ; pcie_sim/altera_pcie_cv_hip_ast/altpcie_av_hip_128bit_atom.v                   ; --            ; --          ; --             ;
; MISC_FILE                           ; pcie_sim/altera_pcie_cv_hip_ast/mentor/altpcie_av_hip_128bit_atom.v            ; --            ; --          ; --             ;
; MISC_FILE                           ; pcie_sim/altera_pcie_cv_hip_ast/altpcie_av_hip_ast_hwtcl.v                     ; --            ; --          ; --             ;
; MISC_FILE                           ; pcie_sim/altera_pcie_cv_hip_ast/mentor/altpcie_av_hip_ast_hwtcl.v              ; --            ; --          ; --             ;
; MISC_FILE                           ; pcie_sim/altera_pcie_cv_hip_ast/altera_xcvr_functions.sv                       ; --            ; --          ; --             ;
; MISC_FILE                           ; pcie_sim/altera_pcie_cv_hip_ast/mentor/altera_xcvr_functions.sv                ; --            ; --          ; --             ;
; MISC_FILE                           ; pcie_sim/altera_pcie_cv_hip_ast/sv_reconfig_bundle_to_xcvr.sv                  ; --            ; --          ; --             ;
; MISC_FILE                           ; pcie_sim/altera_pcie_cv_hip_ast/sv_reconfig_bundle_to_ip.sv                    ; --            ; --          ; --             ;
; MISC_FILE                           ; pcie_sim/altera_pcie_cv_hip_ast/sv_reconfig_bundle_merger.sv                   ; --            ; --          ; --             ;
; MISC_FILE                           ; pcie_sim/altera_pcie_cv_hip_ast/mentor/sv_reconfig_bundle_to_xcvr.sv           ; --            ; --          ; --             ;
; MISC_FILE                           ; pcie_sim/altera_pcie_cv_hip_ast/mentor/sv_reconfig_bundle_to_ip.sv             ; --            ; --          ; --             ;
; MISC_FILE                           ; pcie_sim/altera_pcie_cv_hip_ast/mentor/sv_reconfig_bundle_merger.sv            ; --            ; --          ; --             ;
; MISC_FILE                           ; pcie_sim/altera_pcie_cv_hip_ast/av_xcvr_h.sv                                   ; --            ; --          ; --             ;
; MISC_FILE                           ; pcie_sim/altera_pcie_cv_hip_ast/av_xcvr_avmm_csr.sv                            ; --            ; --          ; --             ;
; MISC_FILE                           ; pcie_sim/altera_pcie_cv_hip_ast/av_tx_pma_ch.sv                                ; --            ; --          ; --             ;
; MISC_FILE                           ; pcie_sim/altera_pcie_cv_hip_ast/av_tx_pma.sv                                   ; --            ; --          ; --             ;
; MISC_FILE                           ; pcie_sim/altera_pcie_cv_hip_ast/av_rx_pma.sv                                   ; --            ; --          ; --             ;
; MISC_FILE                           ; pcie_sim/altera_pcie_cv_hip_ast/av_pma.sv                                      ; --            ; --          ; --             ;
; MISC_FILE                           ; pcie_sim/altera_pcie_cv_hip_ast/av_pcs_ch.sv                                   ; --            ; --          ; --             ;
; MISC_FILE                           ; pcie_sim/altera_pcie_cv_hip_ast/av_pcs.sv                                      ; --            ; --          ; --             ;
; MISC_FILE                           ; pcie_sim/altera_pcie_cv_hip_ast/av_xcvr_avmm.sv                                ; --            ; --          ; --             ;
; MISC_FILE                           ; pcie_sim/altera_pcie_cv_hip_ast/av_xcvr_native.sv                              ; --            ; --          ; --             ;
; MISC_FILE                           ; pcie_sim/altera_pcie_cv_hip_ast/av_xcvr_plls.sv                                ; --            ; --          ; --             ;
; MISC_FILE                           ; pcie_sim/altera_pcie_cv_hip_ast/av_xcvr_data_adapter.sv                        ; --            ; --          ; --             ;
; MISC_FILE                           ; pcie_sim/altera_pcie_cv_hip_ast/av_reconfig_bundle_to_basic.sv                 ; --            ; --          ; --             ;
; MISC_FILE                           ; pcie_sim/altera_pcie_cv_hip_ast/av_reconfig_bundle_to_xcvr.sv                  ; --            ; --          ; --             ;
; MISC_FILE                           ; pcie_sim/altera_pcie_cv_hip_ast/mentor/av_xcvr_h.sv                            ; --            ; --          ; --             ;
; MISC_FILE                           ; pcie_sim/altera_pcie_cv_hip_ast/mentor/av_xcvr_avmm_csr.sv                     ; --            ; --          ; --             ;
; MISC_FILE                           ; pcie_sim/altera_pcie_cv_hip_ast/mentor/av_tx_pma_ch.sv                         ; --            ; --          ; --             ;
; MISC_FILE                           ; pcie_sim/altera_pcie_cv_hip_ast/mentor/av_tx_pma.sv                            ; --            ; --          ; --             ;
; MISC_FILE                           ; pcie_sim/altera_pcie_cv_hip_ast/mentor/av_rx_pma.sv                            ; --            ; --          ; --             ;
; MISC_FILE                           ; pcie_sim/altera_pcie_cv_hip_ast/mentor/av_pma.sv                               ; --            ; --          ; --             ;
; MISC_FILE                           ; pcie_sim/altera_pcie_cv_hip_ast/mentor/av_pcs_ch.sv                            ; --            ; --          ; --             ;
; MISC_FILE                           ; pcie_sim/altera_pcie_cv_hip_ast/mentor/av_pcs.sv                               ; --            ; --          ; --             ;
; MISC_FILE                           ; pcie_sim/altera_pcie_cv_hip_ast/mentor/av_xcvr_avmm.sv                         ; --            ; --          ; --             ;
; MISC_FILE                           ; pcie_sim/altera_pcie_cv_hip_ast/mentor/av_xcvr_native.sv                       ; --            ; --          ; --             ;
; MISC_FILE                           ; pcie_sim/altera_pcie_cv_hip_ast/mentor/av_xcvr_plls.sv                         ; --            ; --          ; --             ;
; MISC_FILE                           ; pcie_sim/altera_pcie_cv_hip_ast/mentor/av_xcvr_data_adapter.sv                 ; --            ; --          ; --             ;
; MISC_FILE                           ; pcie_sim/altera_pcie_cv_hip_ast/mentor/av_reconfig_bundle_to_basic.sv          ; --            ; --          ; --             ;
; MISC_FILE                           ; pcie_sim/altera_pcie_cv_hip_ast/mentor/av_reconfig_bundle_to_xcvr.sv           ; --            ; --          ; --             ;
; MISC_FILE                           ; pcie_sim/altera_pcie_cv_hip_ast/av_hssi_8g_rx_pcs_rbc.sv                       ; --            ; --          ; --             ;
; MISC_FILE                           ; pcie_sim/altera_pcie_cv_hip_ast/av_hssi_8g_tx_pcs_rbc.sv                       ; --            ; --          ; --             ;
; MISC_FILE                           ; pcie_sim/altera_pcie_cv_hip_ast/av_hssi_common_pcs_pma_interface_rbc.sv        ; --            ; --          ; --             ;
; MISC_FILE                           ; pcie_sim/altera_pcie_cv_hip_ast/av_hssi_common_pld_pcs_interface_rbc.sv        ; --            ; --          ; --             ;
; MISC_FILE                           ; pcie_sim/altera_pcie_cv_hip_ast/av_hssi_pipe_gen1_2_rbc.sv                     ; --            ; --          ; --             ;
; MISC_FILE                           ; pcie_sim/altera_pcie_cv_hip_ast/av_hssi_rx_pcs_pma_interface_rbc.sv            ; --            ; --          ; --             ;
; MISC_FILE                           ; pcie_sim/altera_pcie_cv_hip_ast/av_hssi_rx_pld_pcs_interface_rbc.sv            ; --            ; --          ; --             ;
; MISC_FILE                           ; pcie_sim/altera_pcie_cv_hip_ast/av_hssi_tx_pcs_pma_interface_rbc.sv            ; --            ; --          ; --             ;
; MISC_FILE                           ; pcie_sim/altera_pcie_cv_hip_ast/av_hssi_tx_pld_pcs_interface_rbc.sv            ; --            ; --          ; --             ;
; MISC_FILE                           ; pcie_sim/altera_pcie_cv_hip_ast/mentor/av_hssi_8g_rx_pcs_rbc.sv                ; --            ; --          ; --             ;
; MISC_FILE                           ; pcie_sim/altera_pcie_cv_hip_ast/mentor/av_hssi_8g_tx_pcs_rbc.sv                ; --            ; --          ; --             ;
; MISC_FILE                           ; pcie_sim/altera_pcie_cv_hip_ast/mentor/av_hssi_common_pcs_pma_interface_rbc.sv ; --            ; --          ; --             ;
; MISC_FILE                           ; pcie_sim/altera_pcie_cv_hip_ast/mentor/av_hssi_common_pld_pcs_interface_rbc.sv ; --            ; --          ; --             ;
; MISC_FILE                           ; pcie_sim/altera_pcie_cv_hip_ast/mentor/av_hssi_pipe_gen1_2_rbc.sv              ; --            ; --          ; --             ;
; MISC_FILE                           ; pcie_sim/altera_pcie_cv_hip_ast/mentor/av_hssi_rx_pcs_pma_interface_rbc.sv     ; --            ; --          ; --             ;
; MISC_FILE                           ; pcie_sim/altera_pcie_cv_hip_ast/mentor/av_hssi_rx_pld_pcs_interface_rbc.sv     ; --            ; --          ; --             ;
; MISC_FILE                           ; pcie_sim/altera_pcie_cv_hip_ast/mentor/av_hssi_tx_pcs_pma_interface_rbc.sv     ; --            ; --          ; --             ;
; MISC_FILE                           ; pcie_sim/altera_pcie_cv_hip_ast/mentor/av_hssi_tx_pld_pcs_interface_rbc.sv     ; --            ; --          ; --             ;
; MISC_FILE                           ; pcie_sim/altera_pcie_cv_hip_ast/alt_reset_ctrl_lego.sv                         ; --            ; --          ; --             ;
; MISC_FILE                           ; pcie_sim/altera_pcie_cv_hip_ast/alt_reset_ctrl_tgx_cdrauto.sv                  ; --            ; --          ; --             ;
; MISC_FILE                           ; pcie_sim/altera_pcie_cv_hip_ast/alt_xcvr_resync.sv                             ; --            ; --          ; --             ;
; MISC_FILE                           ; pcie_sim/altera_pcie_cv_hip_ast/mentor/alt_reset_ctrl_lego.sv                  ; --            ; --          ; --             ;
; MISC_FILE                           ; pcie_sim/altera_pcie_cv_hip_ast/mentor/alt_reset_ctrl_tgx_cdrauto.sv           ; --            ; --          ; --             ;
; MISC_FILE                           ; pcie_sim/altera_pcie_cv_hip_ast/mentor/alt_xcvr_resync.sv                      ; --            ; --          ; --             ;
; MISC_FILE                           ; pcie_sim/altera_pcie_cv_hip_ast/alt_xcvr_csr_common_h.sv                       ; --            ; --          ; --             ;
; MISC_FILE                           ; pcie_sim/altera_pcie_cv_hip_ast/alt_xcvr_csr_common.sv                         ; --            ; --          ; --             ;
; MISC_FILE                           ; pcie_sim/altera_pcie_cv_hip_ast/alt_xcvr_csr_pcs8g_h.sv                        ; --            ; --          ; --             ;
; MISC_FILE                           ; pcie_sim/altera_pcie_cv_hip_ast/alt_xcvr_csr_pcs8g.sv                          ; --            ; --          ; --             ;
; MISC_FILE                           ; pcie_sim/altera_pcie_cv_hip_ast/alt_xcvr_csr_selector.sv                       ; --            ; --          ; --             ;
; MISC_FILE                           ; pcie_sim/altera_pcie_cv_hip_ast/alt_xcvr_mgmt2dec.sv                           ; --            ; --          ; --             ;
; MISC_FILE                           ; pcie_sim/altera_pcie_cv_hip_ast/altera_wait_generate.v                         ; --            ; --          ; --             ;
; MISC_FILE                           ; pcie_sim/altera_pcie_cv_hip_ast/mentor/alt_xcvr_csr_common_h.sv                ; --            ; --          ; --             ;
; MISC_FILE                           ; pcie_sim/altera_pcie_cv_hip_ast/mentor/alt_xcvr_csr_common.sv                  ; --            ; --          ; --             ;
; MISC_FILE                           ; pcie_sim/altera_pcie_cv_hip_ast/mentor/alt_xcvr_csr_pcs8g_h.sv                 ; --            ; --          ; --             ;
; MISC_FILE                           ; pcie_sim/altera_pcie_cv_hip_ast/mentor/alt_xcvr_csr_pcs8g.sv                   ; --            ; --          ; --             ;
; MISC_FILE                           ; pcie_sim/altera_pcie_cv_hip_ast/mentor/alt_xcvr_csr_selector.sv                ; --            ; --          ; --             ;
; MISC_FILE                           ; pcie_sim/altera_pcie_cv_hip_ast/mentor/alt_xcvr_mgmt2dec.sv                    ; --            ; --          ; --             ;
; MISC_FILE                           ; pcie_sim/altera_pcie_cv_hip_ast/mentor/altera_wait_generate.v                  ; --            ; --          ; --             ;
; MISC_FILE                           ; pcie_sim/altera_pcie_cv_hip_ast/av_xcvr_emsip_adapter.sv                       ; --            ; --          ; --             ;
; MISC_FILE                           ; pcie_sim/altera_pcie_cv_hip_ast/av_xcvr_pipe_native_hip.sv                     ; --            ; --          ; --             ;
; MISC_FILE                           ; pcie_sim/altera_pcie_cv_hip_ast/mentor/av_xcvr_emsip_adapter.sv                ; --            ; --          ; --             ;
; MISC_FILE                           ; pcie_sim/altera_pcie_cv_hip_ast/mentor/av_xcvr_pipe_native_hip.sv              ; --            ; --          ; --             ;
; MISC_FILE                           ; pcie_sim/altera_pcie_cv_hip_ast/plain_files.txt                                ; --            ; --          ; --             ;
; MISC_FILE                           ; pcie_sim/altera_pcie_cv_hip_ast/mentor_files.txt                               ; --            ; --          ; --             ;
; PARTITION_COLOR                     ; -- (Not supported for targeted family)                                         ; --            ; --          ; Top            ;
; PARTITION_FITTER_PRESERVATION_LEVEL ; -- (Not supported for targeted family)                                         ; --            ; --          ; Top            ;
; PARTITION_NETLIST_TYPE              ; -- (Not supported for targeted family)                                         ; --            ; --          ; Top            ;
; PROJECT_OUTPUT_DIRECTORY            ; output_files                                                                   ; --            ; --          ; --             ;
; SPD_FILE                            ; pcie.spd                                                                       ; --            ; --          ; --             ;
; SYNTHESIS_ONLY_QIP                  ; On                                                                             ; --            ; --          ; --             ;
+-------------------------------------+--------------------------------------------------------------------------------+---------------+-------------+----------------+


+--------------------------------------------------------------------------------------------------------------------------+
; Flow Elapsed Time                                                                                                        ;
+----------------------+--------------+-------------------------+---------------------+------------------------------------+
; Module Name          ; Elapsed Time ; Average Processors Used ; Peak Virtual Memory ; Total CPU Time (on all processors) ;
+----------------------+--------------+-------------------------+---------------------+------------------------------------+
; Analysis & Synthesis ; 00:00:23     ; 1.0                     ; 1025 MB             ; 00:00:43                           ;
; Total                ; 00:00:23     ; --                      ; --                  ; 00:00:43                           ;
+----------------------+--------------+-------------------------+---------------------+------------------------------------+


+------------------------------------------------------------------------------------------+
; Flow OS Summary                                                                          ;
+----------------------+------------------+---------------+---------------+----------------+
; Module Name          ; Machine Hostname ; OS Name       ; OS Version    ; Processor type ;
+----------------------+------------------+---------------+---------------+----------------+
; Analysis & Synthesis ; daniel-t460s     ; Manjaro Linux ; Manjaro Linux ; x86_64         ;
+----------------------+------------------+---------------+---------------+----------------+


------------
; Flow Log ;
------------
quartus_map --read_settings_files=on --write_settings_files=off pcie -c pcie



