Flow report for net_encoder
Tue Sep 17 18:20:53 2019
Quartus Prime Version 18.1.0 Build 625 09/12/2018 SJ Lite Edition


---------------------
; Table of Contents ;
---------------------
  1. Legal Notice
  2. Flow Summary
  3. Flow Settings
  4. Flow Non-Default Global Settings
  5. Flow Elapsed Time
  6. Flow OS Summary
  7. Flow Log
  8. Flow Messages
  9. Flow Suppressed Messages



----------------
; Legal Notice ;
----------------
Copyright (C) 2018  Intel Corporation. All rights reserved.
Your use of Intel Corporation's design tools, logic functions 
and other software and tools, and its AMPP partner logic 
functions, and any output files from any of the foregoing 
(including device programming or simulation files), and any 
associated documentation or information are expressly subject 
to the terms and conditions of the Intel Program License 
Subscription Agreement, the Intel Quartus Prime License Agreement,
the Intel FPGA IP License Agreement, or other applicable license
agreement, including, without limitation, that your use is for
the sole purpose of programming logic devices manufactured by
Intel and sold by Intel or its authorized distributors.  Please
refer to the applicable agreement for further details.



+-------------------------------------------------------------------------------+
; Flow Summary                                                                  ;
+---------------------------------+---------------------------------------------+
; Flow Status                     ; Successful - Tue Sep 17 18:20:53 2019       ;
; Quartus Prime Version           ; 18.1.0 Build 625 09/12/2018 SJ Lite Edition ;
; Revision Name                   ; net_encoder                                 ;
; Top-level Entity Name           ; net_encoder                                 ;
; Family                          ; Cyclone V                                   ;
; Device                          ; 5CGXFC9D6F27C7                              ;
; Timing Models                   ; Final                                       ;
; Logic utilization (in ALMs)     ; 2,905 / 113,560 ( 3 % )                     ;
; Total registers                 ; 4504                                        ;
; Total pins                      ; 100 / 378 ( 26 % )                          ;
; Total virtual pins              ; 0                                           ;
; Total block memory bits         ; 4,096 / 12,492,800 ( < 1 % )                ;
; Total DSP Blocks                ; 0 / 342 ( 0 % )                             ;
; Total HSSI RX PCSs              ; 0 / 9 ( 0 % )                               ;
; Total HSSI PMA RX Deserializers ; 0 / 9 ( 0 % )                               ;
; Total HSSI TX PCSs              ; 0 / 9 ( 0 % )                               ;
; Total HSSI PMA TX Serializers   ; 0 / 9 ( 0 % )                               ;
; Total PLLs                      ; 0 / 17 ( 0 % )                              ;
; Total DLLs                      ; 0 / 4 ( 0 % )                               ;
+---------------------------------+---------------------------------------------+


+-----------------------------------------+
; Flow Settings                           ;
+-------------------+---------------------+
; Option            ; Setting             ;
+-------------------+---------------------+
; Start date & time ; 09/17/2019 18:18:16 ;
; Main task         ; Compilation         ;
; Revision Name     ; net_encoder         ;
+-------------------+---------------------+


+------------------------------------------------------------------------------------------------------------------------------+
; Flow Non-Default Global Settings                                                                                             ;
+--------------------------------------+----------------------------------------+---------------+-------------+----------------+
; Assignment Name                      ; Value                                  ; Default Value ; Entity Name ; Section Id     ;
+--------------------------------------+----------------------------------------+---------------+-------------+----------------+
; COMPILER_SIGNATURE_ID                ; 130586021222.156873709656050           ; --            ; --          ; --             ;
; EDA_DESIGN_INSTANCE_NAME             ; NA                                     ; --            ; --          ; net_encoderTb  ;
; EDA_NATIVELINK_SIMULATION_TEST_BENCH ; net_encoderTb                          ; --            ; --          ; eda_simulation ;
; EDA_OUTPUT_DATA_FORMAT               ; Vhdl                                   ; --            ; --          ; eda_simulation ;
; EDA_SIMULATION_TOOL                  ; ModelSim-Altera (VHDL)                 ; <None>        ; --          ; --             ;
; EDA_TEST_BENCH_ENABLE_STATUS         ; TEST_BENCH_MODE                        ; --            ; --          ; eda_simulation ;
; EDA_TEST_BENCH_FILE                  ; net_encoderTb.vhd                      ; --            ; --          ; net_encoderTb  ;
; EDA_TEST_BENCH_MODULE_NAME           ; net_encoderTb                          ; --            ; --          ; net_encoderTb  ;
; EDA_TEST_BENCH_NAME                  ; net_encoderTb                          ; --            ; --          ; eda_simulation ;
; EDA_TIME_SCALE                       ; 1 ps                                   ; --            ; --          ; eda_simulation ;
; MAX_CORE_JUNCTION_TEMP               ; 85                                     ; --            ; --          ; --             ;
; MIN_CORE_JUNCTION_TEMP               ; 0                                      ; --            ; --          ; --             ;
; NUM_PARALLEL_PROCESSORS              ; All                                    ; --            ; --          ; --             ;
; PARTITION_COLOR                      ; -- (Not supported for targeted family) ; --            ; --          ; Top            ;
; PARTITION_FITTER_PRESERVATION_LEVEL  ; -- (Not supported for targeted family) ; --            ; --          ; Top            ;
; PARTITION_NETLIST_TYPE               ; -- (Not supported for targeted family) ; --            ; --          ; Top            ;
; POWER_BOARD_THERMAL_MODEL            ; None (CONSERVATIVE)                    ; --            ; --          ; --             ;
; POWER_PRESET_COOLING_SOLUTION        ; 23 MM HEAT SINK WITH 200 LFPM AIRFLOW  ; --            ; --          ; --             ;
; PROJECT_OUTPUT_DIRECTORY             ; output_files                           ; --            ; --          ; --             ;
+--------------------------------------+----------------------------------------+---------------+-------------+----------------+


+--------------------------------------------------------------------------------------------------------------------------+
; Flow Elapsed Time                                                                                                        ;
+----------------------+--------------+-------------------------+---------------------+------------------------------------+
; Module Name          ; Elapsed Time ; Average Processors Used ; Peak Virtual Memory ; Total CPU Time (on all processors) ;
+----------------------+--------------+-------------------------+---------------------+------------------------------------+
; Analysis & Synthesis ; 00:00:16     ; 1.0                     ; 1325 MB             ; 00:00:37                           ;
; Fitter               ; 00:01:39     ; 1.4                     ; 4071 MB             ; 00:09:41                           ;
; Assembler            ; 00:00:18     ; 1.0                     ; 1117 MB             ; 00:00:17                           ;
; Timing Analyzer      ; 00:00:12     ; 4.0                     ; 1688 MB             ; 00:00:38                           ;
; EDA Netlist Writer   ; 00:00:04     ; 1.0                     ; 1340 MB             ; 00:00:04                           ;
; Total                ; 00:02:29     ; --                      ; --                  ; 00:11:17                           ;
+----------------------+--------------+-------------------------+---------------------+------------------------------------+


+---------------------------------------------------------------------------------------------+
; Flow OS Summary                                                                             ;
+----------------------+-----------------------+--------------+--------------+----------------+
; Module Name          ; Machine Hostname      ; OS Name      ; OS Version   ; Processor type ;
+----------------------+-----------------------+--------------+--------------+----------------+
; Analysis & Synthesis ; localhost.localdomain ; CentOS Linux ; CentOS Linux ; x86_64         ;
; Fitter               ; localhost.localdomain ; CentOS Linux ; CentOS Linux ; x86_64         ;
; Assembler            ; localhost.localdomain ; CentOS Linux ; CentOS Linux ; x86_64         ;
; Timing Analyzer      ; localhost.localdomain ; CentOS Linux ; CentOS Linux ; x86_64         ;
; EDA Netlist Writer   ; localhost.localdomain ; CentOS Linux ; CentOS Linux ; x86_64         ;
+----------------------+-----------------------+--------------+--------------+----------------+


------------
; Flow Log ;
------------
quartus_map --read_settings_files=on --write_settings_files=off net_encoder -c net_encoder
quartus_fit --read_settings_files=off --write_settings_files=off net_encoder -c net_encoder
quartus_asm --read_settings_files=off --write_settings_files=off net_encoder -c net_encoder
quartus_sta net_encoder -c net_encoder
quartus_eda --read_settings_files=off --write_settings_files=off net_encoder -c net_encoder



